<html>
<head>
<title>TestNG:  Test in Chrome</title>
<link href="../testng.css" rel="stylesheet" type="text/css" />
<link href="../my-testng.css" rel="stylesheet" type="text/css" />

<style type="text/css">
.log { display: none;} 
.stack-trace { display: none;} 
</style>
<script type="text/javascript">
<!--
function flip(e) {
  current = e.style.display;
  if (current == 'block') {
    e.style.display = 'none';
    return 0;
  }
  else {
    e.style.display = 'block';
    return 1;
  }
}

function toggleBox(szDivId, elem, msg1, msg2)
{
  var res = -1;  if (document.getElementById) {
    res = flip(document.getElementById(szDivId));
  }
  else if (document.all) {
    // this is the way old msie versions work
    res = flip(document.all[szDivId]);
  }
  if(elem) {
    if(res == 0) elem.innerHTML = msg1; else elem.innerHTML = msg2;
  }

}

function toggleAllBoxes() {
  if (document.getElementsByTagName) {
    d = document.getElementsByTagName('div');
    for (i = 0; i < d.length; i++) {
      if (d[i].className == 'log') {
        flip(d[i]);
      }
    }
  }
}

// -->
</script>

</head>
<body>
<h2 align='center'>Test in Chrome</h2><table border='1' align="center">
<tr>
<td>Tests passed/Failed/Skipped:</td><td>1/1/7</td>
</tr><tr>
<td>Started on:</td><td>Tue Sep 20 11:04:43 EDT 2016</td>
</tr>
<tr><td>Total time:</td><td>141 seconds (141913 ms)</td>
</tr><tr>
<td>Included groups:</td><td></td>
</tr><tr>
<td>Excluded groups:</td><td></td>
</tr>
</table><p/>
<small><i>(Hover the method name to see the test class name)</i></small><p/>
<table width='100%' border='1' class='invocation-failed'>
<tr><td colspan='4' align='center'><b>FAILED CONFIGURATIONS</b></td></tr>
<tr><td><b>Test method</b></td>
<td width="30%"><b>Exception</b></td>
<td width="10%"><b>Time (seconds)</b></td>
<td><b>Instance</b></td>
</tr>
<tr>
<td title='com.buxie.selenium.testNGfun.RunWithTestNG.tearDown()'><b>tearDown</b><br>Test class: com.buxie.selenium.testNGfun.RunWithTestNG<br>Parameters: [TestResult name=testFavorite status=SUCCESS method=RunWithTestNG.testFavorite()[pri:0, instance:com.buxie.selenium.testNGfun.RunWithTestNG@59494225] output={null}]</td>
<td><div><pre>org.openqa.selenium.remote.UnreachableBrowserException: Error communicating with the remote browser. It may have died.
Build info: version: &apos;2.52.0&apos;, revision: &apos;4c2593cfc3689a7fcd7be52549167e5ccc93ad28&apos;, time: &apos;2016-02-11 11:22:43&apos;
System info: host: &apos;DESKTOP-D75Q99P&apos;, ip: &apos;192.168.1.5&apos;, os.name: &apos;Windows 10&apos;, os.arch: &apos;amd64&apos;, os.version: &apos;10.0&apos;, java.version: &apos;1.8.0_101&apos;
Driver info: driver.version: RemoteWebDriver
Capabilities [{applicationCacheEnabled=false, rotatable=false, mobileEmulationEnabled=false, networkConnectionEnabled=false, chrome={chromedriverVersion=2.24.417431 (9aea000394714d2fbb20850021f6204f2256b9cf), userDataDir=C:\Users\AZUREW~1\AppData\Local\Temp\scoped_dir100796_1810}, takesHeapSnapshot=true, pageLoadStrategy=normal, databaseEnabled=false, handlesAlerts=true, hasTouchScreen=false, version=53.0.2785.116, platform=XP, browserConnectionEnabled=false, nativeEvents=true, acceptSslCerts=true, locationContextEnabled=true, webStorageEnabled=true, browserName=chrome, takesScreenshot=true, javascriptEnabled=true, cssSelectorsEnabled=true}]
Session ID: f4e875b06a740466ae6f40f1f7995f21
	at org.openqa.selenium.remote.RemoteWebDriver.execute(RemoteWebDriver.java:665)
	at org.openqa.selenium.remote.RemoteWebDriver.execute(RemoteWebDriver.java:701)
	at org.openqa.selenium.remote.RemoteWebDriver.quit(RemoteWebDriver.java:526)
	at com.buxie.selenium.testNGfun.RunWithTestNG.tearDown(RunWithTestNG.java:174)
	at java.util.concurrent.FutureTask.run(FutureTask.java:266)
	at java.util.concurrent.ThreadPoolExecutor.runWorker(ThreadPoolExecutor.java:1142)
	at java.util.concurrent.ThreadPoolExecutor$Worker.run(ThreadPoolExecutor.java:617)
	at java.lang.Thread.run(Thread.java:745)
Caused by: java.lang.RuntimeException: Process refused to die after 10 seconds, and couldn&apos;t taskkill it: exec return code 1: ERROR: Access denied


	at org.openqa.selenium.os.ProcessUtils.killWinProcess(ProcessUtils.java:143)
	at org.openqa.selenium.os.ProcessUtils.killProcess(ProcessUtils.java:81)
	at org.openqa.selenium.os.UnixProcess$SeleniumWatchDog.destroyHarder(UnixProcess.java:247)
	at org.openqa.selenium.os.UnixProcess$SeleniumWatchDog.access$200(UnixProcess.java:201)
	at org.openqa.selenium.os.UnixProcess.destroy(UnixProcess.java:125)
	at org.openqa.selenium.os.CommandLine.destroy(CommandLine.java:155)
	at org.openqa.selenium.remote.service.DriverService.stop(DriverService.java:196)
	at org.openqa.selenium.remote.service.DriverCommandExecutor.execute(DriverCommandExecutor.java:94)
	at org.openqa.selenium.remote.RemoteWebDriver.execute(RemoteWebDriver.java:644)
	... 25 more
Caused by: java.lang.RuntimeException: exec return code 1: ERROR: Access denied


	at org.openqa.selenium.os.WindowsUtils.killPID(WindowsUtils.java:185)
	at org.openqa.selenium.os.ProcessUtils.killWinProcess(ProcessUtils.java:138)
	... 33 more
... Removed 18 stack frames</pre></div><a href='#' onClick='toggleBox("stack-trace530160509", this, "Click to show all stack frames", "Click to hide stack frames")'>Click to show all stack frames</a>
<div class='stack-trace' id='stack-trace530160509'><pre>org.openqa.selenium.remote.UnreachableBrowserException: Error communicating with the remote browser. It may have died.
Build info: version: &apos;2.52.0&apos;, revision: &apos;4c2593cfc3689a7fcd7be52549167e5ccc93ad28&apos;, time: &apos;2016-02-11 11:22:43&apos;
System info: host: &apos;DESKTOP-D75Q99P&apos;, ip: &apos;192.168.1.5&apos;, os.name: &apos;Windows 10&apos;, os.arch: &apos;amd64&apos;, os.version: &apos;10.0&apos;, java.version: &apos;1.8.0_101&apos;
Driver info: driver.version: RemoteWebDriver
Capabilities [{applicationCacheEnabled=false, rotatable=false, mobileEmulationEnabled=false, networkConnectionEnabled=false, chrome={chromedriverVersion=2.24.417431 (9aea000394714d2fbb20850021f6204f2256b9cf), userDataDir=C:\Users\AZUREW~1\AppData\Local\Temp\scoped_dir100796_1810}, takesHeapSnapshot=true, pageLoadStrategy=normal, databaseEnabled=false, handlesAlerts=true, hasTouchScreen=false, version=53.0.2785.116, platform=XP, browserConnectionEnabled=false, nativeEvents=true, acceptSslCerts=true, locationContextEnabled=true, webStorageEnabled=true, browserName=chrome, takesScreenshot=true, javascriptEnabled=true, cssSelectorsEnabled=true}]
Session ID: f4e875b06a740466ae6f40f1f7995f21
	at org.openqa.selenium.remote.RemoteWebDriver.execute(RemoteWebDriver.java:665)
	at org.openqa.selenium.remote.RemoteWebDriver.execute(RemoteWebDriver.java:701)
	at org.openqa.selenium.remote.RemoteWebDriver.quit(RemoteWebDriver.java:526)
	at com.buxie.selenium.testNGfun.RunWithTestNG.tearDown(RunWithTestNG.java:174)
	at sun.reflect.NativeMethodAccessorImpl.invoke0(Native Method)
	at sun.reflect.NativeMethodAccessorImpl.invoke(NativeMethodAccessorImpl.java:62)
	at sun.reflect.DelegatingMethodAccessorImpl.invoke(DelegatingMethodAccessorImpl.java:43)
	at java.lang.reflect.Method.invoke(Method.java:498)
	at org.testng.internal.MethodInvocationHelper.invokeMethod(MethodInvocationHelper.java:100)
	at org.testng.internal.Invoker.invokeConfigurationMethod(Invoker.java:515)
	at org.testng.internal.Invoker.invokeConfigurations(Invoker.java:216)
	at org.testng.internal.Invoker.invokeMethod(Invoker.java:712)
	at org.testng.internal.Invoker.invokeTestMethod(Invoker.java:811)
	at org.testng.internal.Invoker.invokeTestMethods(Invoker.java:1129)
	at org.testng.internal.TestMethodWorker.invokeTestMethods(TestMethodWorker.java:129)
	at org.testng.internal.TestMethodWorker.run(TestMethodWorker.java:112)
	at org.testng.TestRunner.privateRun(TestRunner.java:746)
	at org.testng.TestRunner.run(TestRunner.java:600)
	at org.testng.SuiteRunner.runTest(SuiteRunner.java:366)
	at org.testng.SuiteRunner.access$000(SuiteRunner.java:39)
	at org.testng.SuiteRunner$SuiteWorker.run(SuiteRunner.java:400)
	at org.testng.internal.thread.ThreadUtil$2.call(ThreadUtil.java:64)
	at java.util.concurrent.FutureTask.run(FutureTask.java:266)
	at java.util.concurrent.ThreadPoolExecutor.runWorker(ThreadPoolExecutor.java:1142)
	at java.util.concurrent.ThreadPoolExecutor$Worker.run(ThreadPoolExecutor.java:617)
	at java.lang.Thread.run(Thread.java:745)
Caused by: java.lang.RuntimeException: Process refused to die after 10 seconds, and couldn&apos;t taskkill it: exec return code 1: ERROR: Access denied

	at org.openqa.selenium.os.ProcessUtils.killWinProcess(ProcessUtils.java:143)
	at org.openqa.selenium.os.ProcessUtils.killProcess(ProcessUtils.java:81)
	at org.openqa.selenium.os.UnixProcess$SeleniumWatchDog.destroyHarder(UnixProcess.java:247)
	at org.openqa.selenium.os.UnixProcess$SeleniumWatchDog.access$200(UnixProcess.java:201)
	at org.openqa.selenium.os.UnixProcess.destroy(UnixProcess.java:125)
	at org.openqa.selenium.os.CommandLine.destroy(CommandLine.java:155)
	at org.openqa.selenium.remote.service.DriverService.stop(DriverService.java:196)
	at org.openqa.selenium.remote.service.DriverCommandExecutor.execute(DriverCommandExecutor.java:94)
	at org.openqa.selenium.remote.RemoteWebDriver.execute(RemoteWebDriver.java:644)
	... 25 more
Caused by: java.lang.RuntimeException: exec return code 1: ERROR: Access denied

	at org.openqa.selenium.os.WindowsUtils.killPID(WindowsUtils.java:185)
	at org.openqa.selenium.os.ProcessUtils.killWinProcess(ProcessUtils.java:138)
	... 33 more
</pre></div></td>
<td>0</td>
<td>com.buxie.selenium.testNGfun.RunWithTestNG@59494225</td></tr>
</table><p>
<table width='100%' border='1' class='invocation-skipped'>
<tr><td colspan='4' align='center'><b>SKIPPED CONFIGURATIONS</b></td></tr>
<tr><td><b>Test method</b></td>
<td width="30%"><b>Exception</b></td>
<td width="10%"><b>Time (seconds)</b></td>
<td><b>Instance</b></td>
</tr>
<tr>
<td title='com.buxie.selenium.testNGfun.RunWithTestNG.init()'><b>init</b><br>Test class: com.buxie.selenium.testNGfun.RunWithTestNG</td>
<td></td>
<td>0</td>
<td>com.buxie.selenium.testNGfun.RunWithTestNG@59494225</td></tr>
<tr>
<td title='com.buxie.selenium.testNGfun.RunWithTestNG.init()'><b>init</b><br>Test class: com.buxie.selenium.testNGfun.RunWithTestNG</td>
<td></td>
<td>0</td>
<td>com.buxie.selenium.testNGfun.RunWithTestNG@59494225</td></tr>
<tr>
<td title='com.buxie.selenium.testNGfun.RunWithTestNG.init()'><b>init</b><br>Test class: com.buxie.selenium.testNGfun.RunWithTestNG</td>
<td></td>
<td>0</td>
<td>com.buxie.selenium.testNGfun.RunWithTestNG@59494225</td></tr>
<tr>
<td title='com.buxie.selenium.testNGfun.RunWithTestNG.init()'><b>init</b><br>Test class: com.buxie.selenium.testNGfun.RunWithTestNG</td>
<td></td>
<td>0</td>
<td>com.buxie.selenium.testNGfun.RunWithTestNG@59494225</td></tr>
<tr>
<td title='com.buxie.selenium.testNGfun.RunWithTestNG.init()'><b>init</b><br>Test class: com.buxie.selenium.testNGfun.RunWithTestNG</td>
<td></td>
<td>0</td>
<td>com.buxie.selenium.testNGfun.RunWithTestNG@59494225</td></tr>
<tr>
<td title='com.buxie.selenium.testNGfun.RunWithTestNG.init()'><b>init</b><br>Test class: com.buxie.selenium.testNGfun.RunWithTestNG</td>
<td></td>
<td>0</td>
<td>com.buxie.selenium.testNGfun.RunWithTestNG@59494225</td></tr>
<tr>
<td title='com.buxie.selenium.testNGfun.RunWithTestNG.init()'><b>init</b><br>Test class: com.buxie.selenium.testNGfun.RunWithTestNG</td>
<td></td>
<td>0</td>
<td>com.buxie.selenium.testNGfun.RunWithTestNG@59494225</td></tr>
<tr>
<td title='com.buxie.selenium.testNGfun.RunWithTestNG.tearDown()'><b>tearDown</b><br>Test class: com.buxie.selenium.testNGfun.RunWithTestNG</td>
<td></td>
<td>0</td>
<td>com.buxie.selenium.testNGfun.RunWithTestNG@59494225</td></tr>
<tr>
<td title='com.buxie.selenium.testNGfun.RunWithTestNG.tearDown()'><b>tearDown</b><br>Test class: com.buxie.selenium.testNGfun.RunWithTestNG</td>
<td></td>
<td>0</td>
<td>com.buxie.selenium.testNGfun.RunWithTestNG@59494225</td></tr>
<tr>
<td title='com.buxie.selenium.testNGfun.RunWithTestNG.tearDown()'><b>tearDown</b><br>Test class: com.buxie.selenium.testNGfun.RunWithTestNG</td>
<td></td>
<td>0</td>
<td>com.buxie.selenium.testNGfun.RunWithTestNG@59494225</td></tr>
<tr>
<td title='com.buxie.selenium.testNGfun.RunWithTestNG.tearDown()'><b>tearDown</b><br>Test class: com.buxie.selenium.testNGfun.RunWithTestNG</td>
<td></td>
<td>0</td>
<td>com.buxie.selenium.testNGfun.RunWithTestNG@59494225</td></tr>
<tr>
<td title='com.buxie.selenium.testNGfun.RunWithTestNG.tearDown()'><b>tearDown</b><br>Test class: com.buxie.selenium.testNGfun.RunWithTestNG</td>
<td></td>
<td>0</td>
<td>com.buxie.selenium.testNGfun.RunWithTestNG@59494225</td></tr>
<tr>
<td title='com.buxie.selenium.testNGfun.RunWithTestNG.tearDown()'><b>tearDown</b><br>Test class: com.buxie.selenium.testNGfun.RunWithTestNG</td>
<td></td>
<td>0</td>
<td>com.buxie.selenium.testNGfun.RunWithTestNG@59494225</td></tr>
<tr>
<td title='com.buxie.selenium.testNGfun.RunWithTestNG.tearDown()'><b>tearDown</b><br>Test class: com.buxie.selenium.testNGfun.RunWithTestNG</td>
<td></td>
<td>0</td>
<td>com.buxie.selenium.testNGfun.RunWithTestNG@59494225</td></tr>
<tr>
<td title='com.buxie.selenium.testNGfun.RunWithTestNG.bye()'><b>bye</b><br>Test class: com.buxie.selenium.testNGfun.RunWithTestNG</td>
<td></td>
<td>0</td>
<td>null</td></tr>
</table><p>
<table width='100%' border='1' class='invocation-failed'>
<tr><td colspan='4' align='center'><b>FAILED TESTS</b></td></tr>
<tr><td><b>Test method</b></td>
<td width="30%"><b>Exception</b></td>
<td width="10%"><b>Time (seconds)</b></td>
<td><b>Instance</b></td>
</tr>
<tr>
<td title='com.buxie.selenium.testNGfun.RunWithTestNG.testBrowsePerfectFor()'><b>testBrowsePerfectFor</b><br>Test class: com.buxie.selenium.testNGfun.RunWithTestNG</td>
<td><div><pre>org.openqa.selenium.remote.SessionNotFoundException: Session ID is null. Using WebDriver after calling quit()?
Build info: version: &apos;2.52.0&apos;, revision: &apos;4c2593cfc3689a7fcd7be52549167e5ccc93ad28&apos;, time: &apos;2016-02-11 11:22:43&apos;
System info: host: &apos;DESKTOP-D75Q99P&apos;, ip: &apos;192.168.1.5&apos;, os.name: &apos;Windows 10&apos;, os.arch: &apos;amd64&apos;, os.version: &apos;10.0&apos;, java.version: &apos;1.8.0_101&apos;
Driver info: driver.version: RemoteWebDriver
	at org.openqa.selenium.remote.HttpCommandExecutor.execute(HttpCommandExecutor.java:134)
	at org.openqa.selenium.remote.service.DriverCommandExecutor.execute(DriverCommandExecutor.java:82)
	at org.openqa.selenium.remote.RemoteWebDriver.execute(RemoteWebDriver.java:644)
	at org.openqa.selenium.remote.RemoteWebDriver.findElement(RemoteWebDriver.java:363)
	at org.openqa.selenium.remote.RemoteWebDriver.findElementByCssSelector(RemoteWebDriver.java:492)
	at org.openqa.selenium.By$ByCssSelector.findElement(By.java:430)
	at org.openqa.selenium.remote.RemoteWebDriver.findElement(RemoteWebDriver.java:355)
	at org.openqa.selenium.support.pagefactory.DefaultElementLocator.findElement(DefaultElementLocator.java:69)
	at org.openqa.selenium.support.pagefactory.internal.LocatingElementHandler.invoke(LocatingElementHandler.java:38)
	at com.sun.proxy.$Proxy9.getAttribute(Unknown Source)
	at com.buxie.selenium.testNGfun.Player.isPlaying(Player.java:87)
	at com.buxie.selenium.testCases.PerfectForCases.browsePerfect(PerfectForCases.java:23)
	at com.buxie.selenium.testCases.PerfectForCases.browsePerfectFor(PerfectForCases.java:34)
	at com.buxie.selenium.testNGfun.RunWithTestNG.testBrowsePerfectFor(RunWithTestNG.java:155)
	at java.util.concurrent.FutureTask.run(FutureTask.java:266)
	at java.util.concurrent.ThreadPoolExecutor.runWorker(ThreadPoolExecutor.java:1142)
	at java.util.concurrent.ThreadPoolExecutor$Worker.run(ThreadPoolExecutor.java:617)
	at java.lang.Thread.run(Thread.java:745)
... Removed 16 stack frames</pre></div><a href='#' onClick='toggleBox("stack-trace1285065559", this, "Click to show all stack frames", "Click to hide stack frames")'>Click to show all stack frames</a>
<div class='stack-trace' id='stack-trace1285065559'><pre>org.openqa.selenium.remote.SessionNotFoundException: Session ID is null. Using WebDriver after calling quit()?
Build info: version: &apos;2.52.0&apos;, revision: &apos;4c2593cfc3689a7fcd7be52549167e5ccc93ad28&apos;, time: &apos;2016-02-11 11:22:43&apos;
System info: host: &apos;DESKTOP-D75Q99P&apos;, ip: &apos;192.168.1.5&apos;, os.name: &apos;Windows 10&apos;, os.arch: &apos;amd64&apos;, os.version: &apos;10.0&apos;, java.version: &apos;1.8.0_101&apos;
Driver info: driver.version: RemoteWebDriver
	at org.openqa.selenium.remote.HttpCommandExecutor.execute(HttpCommandExecutor.java:134)
	at org.openqa.selenium.remote.service.DriverCommandExecutor.execute(DriverCommandExecutor.java:82)
	at org.openqa.selenium.remote.RemoteWebDriver.execute(RemoteWebDriver.java:644)
	at org.openqa.selenium.remote.RemoteWebDriver.findElement(RemoteWebDriver.java:363)
	at org.openqa.selenium.remote.RemoteWebDriver.findElementByCssSelector(RemoteWebDriver.java:492)
	at org.openqa.selenium.By$ByCssSelector.findElement(By.java:430)
	at org.openqa.selenium.remote.RemoteWebDriver.findElement(RemoteWebDriver.java:355)
	at org.openqa.selenium.support.pagefactory.DefaultElementLocator.findElement(DefaultElementLocator.java:69)
	at org.openqa.selenium.support.pagefactory.internal.LocatingElementHandler.invoke(LocatingElementHandler.java:38)
	at com.sun.proxy.$Proxy9.getAttribute(Unknown Source)
	at com.buxie.selenium.testNGfun.Player.isPlaying(Player.java:87)
	at com.buxie.selenium.testCases.PerfectForCases.browsePerfect(PerfectForCases.java:23)
	at com.buxie.selenium.testCases.PerfectForCases.browsePerfectFor(PerfectForCases.java:34)
	at com.buxie.selenium.testNGfun.RunWithTestNG.testBrowsePerfectFor(RunWithTestNG.java:155)
	at sun.reflect.NativeMethodAccessorImpl.invoke0(Native Method)
	at sun.reflect.NativeMethodAccessorImpl.invoke(NativeMethodAccessorImpl.java:62)
	at sun.reflect.DelegatingMethodAccessorImpl.invoke(DelegatingMethodAccessorImpl.java:43)
	at java.lang.reflect.Method.invoke(Method.java:498)
	at org.testng.internal.MethodInvocationHelper.invokeMethod(MethodInvocationHelper.java:100)
	at org.testng.internal.Invoker.invokeMethod(Invoker.java:646)
	at org.testng.internal.Invoker.invokeTestMethod(Invoker.java:811)
	at org.testng.internal.Invoker.invokeTestMethods(Invoker.java:1129)
	at org.testng.internal.TestMethodWorker.invokeTestMethods(TestMethodWorker.java:129)
	at org.testng.internal.TestMethodWorker.run(TestMethodWorker.java:112)
	at org.testng.TestRunner.privateRun(TestRunner.java:746)
	at org.testng.TestRunner.run(TestRunner.java:600)
	at org.testng.SuiteRunner.runTest(SuiteRunner.java:366)
	at org.testng.SuiteRunner.access$000(SuiteRunner.java:39)
	at org.testng.SuiteRunner$SuiteWorker.run(SuiteRunner.java:400)
	at org.testng.internal.thread.ThreadUtil$2.call(ThreadUtil.java:64)
	at java.util.concurrent.FutureTask.run(FutureTask.java:266)
	at java.util.concurrent.ThreadPoolExecutor.runWorker(ThreadPoolExecutor.java:1142)
	at java.util.concurrent.ThreadPoolExecutor$Worker.run(ThreadPoolExecutor.java:617)
	at java.lang.Thread.run(Thread.java:745)
</pre></div></td>
<td>57</td>
<td>com.buxie.selenium.testNGfun.RunWithTestNG@59494225</td></tr>
</table><p>
<table width='100%' border='1' class='invocation-passed'>
<tr><td colspan='4' align='center'><b>PASSED TESTS</b></td></tr>
<tr><td><b>Test method</b></td>
<td width="30%"><b>Exception</b></td>
<td width="10%"><b>Time (seconds)</b></td>
<td><b>Instance</b></td>
</tr>
<tr>
<td title='com.buxie.selenium.testNGfun.RunWithTestNG.testFavorite()'><b>testFavorite</b><br>Test class: com.buxie.selenium.testNGfun.RunWithTestNG</td>
<td></td>
<td>54</td>
<td>com.buxie.selenium.testNGfun.RunWithTestNG@59494225</td></tr>
</table><p>
<table width='100%' border='1' class='invocation-skipped'>
<tr><td colspan='4' align='center'><b>SKIPPED TESTS</b></td></tr>
<tr><td><b>Test method</b></td>
<td width="30%"><b>Exception</b></td>
<td width="10%"><b>Time (seconds)</b></td>
<td><b>Instance</b></td>
</tr>
<tr>
<td title='com.buxie.selenium.testNGfun.RunWithTestNG.testFilterAndPlayCustomAfterLogin()'><b>testFilterAndPlayCustomAfterLogin</b><br>Test class: com.buxie.selenium.testNGfun.RunWithTestNG</td>
<td></td>
<td>0</td>
<td>com.buxie.selenium.testNGfun.RunWithTestNG@59494225</td></tr>
<tr>
<td title='com.buxie.selenium.testNGfun.RunWithTestNG.testPlayStastionFromProfile()'><b>testPlayStastionFromProfile</b><br>Test class: com.buxie.selenium.testNGfun.RunWithTestNG</td>
<td></td>
<td>0</td>
<td>com.buxie.selenium.testNGfun.RunWithTestNG@59494225</td></tr>
<tr>
<td title='com.buxie.selenium.testNGfun.RunWithTestNG.testPodcastThumbDown()'><b>testPodcastThumbDown</b><br>Test class: com.buxie.selenium.testNGfun.RunWithTestNG</td>
<td></td>
<td>0</td>
<td>com.buxie.selenium.testNGfun.RunWithTestNG@59494225</td></tr>
<tr>
<td title='com.buxie.selenium.testNGfun.RunWithTestNG.testPopularUserFlow()'><b>testPopularUserFlow</b><br>Test class: com.buxie.selenium.testNGfun.RunWithTestNG</td>
<td></td>
<td>0</td>
<td>com.buxie.selenium.testNGfun.RunWithTestNG@59494225</td></tr>
<tr>
<td title='com.buxie.selenium.testNGfun.RunWithTestNG.testSearchFromPodcast()'><b>testSearchFromPodcast</b><br>Test class: com.buxie.selenium.testNGfun.RunWithTestNG</td>
<td></td>
<td>0</td>
<td>com.buxie.selenium.testNGfun.RunWithTestNG@59494225</td></tr>
<tr>
<td title='com.buxie.selenium.testNGfun.RunWithTestNG.testSearchJoshInAll()'><b>testSearchJoshInAll</b><br>Test class: com.buxie.selenium.testNGfun.RunWithTestNG</td>
<td></td>
<td>0</td>
<td>com.buxie.selenium.testNGfun.RunWithTestNG@59494225</td></tr>
<tr>
<td title='com.buxie.selenium.testNGfun.RunWithTestNG.testThumbUpLive()'><b>testThumbUpLive</b><br>Test class: com.buxie.selenium.testNGfun.RunWithTestNG</td>
<td></td>
<td>0</td>
<td>com.buxie.selenium.testNGfun.RunWithTestNG@59494225</td></tr>
</table><p>
</body>
</html>