<?xml version="1.0" encoding="UTF-8"?>
<!-- Generated by org.testng.reporters.JUnitXMLReporter -->
<testsuite hostname="DESKTOP-D75Q99P" name="Default test" tests="9" failures="0" timestamp="20 Sep 2016 19:34:26 GMT" time="136.998" errors="0">
  <testcase name="@AfterMethod tearDown" time="0.0" classname="com.buxie.selenium.testNGfun.RunWithTestNGnoGrouping">
    <failure type="java.lang.RuntimeException" message="Process refused to die after 10 seconds, and couldn&amp;apos;t taskkill it: exec return code 1: ERROR: Access denied
">
      <![CDATA[java.lang.RuntimeException: Process refused to die after 10 seconds, and couldn't taskkill it: exec return code 1: ERROR: Access denied

	at org.openqa.selenium.os.ProcessUtils.killWinProcess(ProcessUtils.java:143)
	at org.openqa.selenium.os.ProcessUtils.killProcess(ProcessUtils.java:81)
	at org.openqa.selenium.os.UnixProcess$SeleniumWatchDog.destroyHarder(UnixProcess.java:247)
	at org.openqa.selenium.os.UnixProcess$SeleniumWatchDog.access$200(UnixProcess.java:201)
	at org.openqa.selenium.os.UnixProcess.destroy(UnixProcess.java:125)
	at org.openqa.selenium.os.CommandLine.destroy(CommandLine.java:155)
	at org.openqa.selenium.firefox.FirefoxBinary.quit(FirefoxBinary.java:246)
	at org.openqa.selenium.firefox.internal.NewProfileExtensionConnection.quit(NewProfileExtensionConnection.java:194)
	at org.openqa.selenium.firefox.FirefoxDriver$LazyCommandExecutor.quit(FirefoxDriver.java:364)
	at org.openqa.selenium.firefox.FirefoxDriver.stopClient(FirefoxDriver.java:310)
	at org.openqa.selenium.remote.RemoteWebDriver.quit(RemoteWebDriver.java:529)
	at com.buxie.selenium.testNGfun.RunWithTestNGnoGrouping.tearDown(RunWithTestNGnoGrouping.java:217)
	at sun.reflect.NativeMethodAccessorImpl.invoke0(Native Method)
	at sun.reflect.NativeMethodAccessorImpl.invoke(NativeMethodAccessorImpl.java:62)
	at sun.reflect.DelegatingMethodAccessorImpl.invoke(DelegatingMethodAccessorImpl.java:43)
	at java.lang.reflect.Method.invoke(Method.java:498)
	at org.testng.internal.MethodInvocationHelper.invokeMethod(MethodInvocationHelper.java:100)
	at org.testng.internal.Invoker.invokeConfigurationMethod(Invoker.java:515)
	at org.testng.internal.Invoker.invokeConfigurations(Invoker.java:216)
	at org.testng.internal.Invoker.invokeMethod(Invoker.java:712)
	at org.testng.internal.Invoker.invokeTestMethod(Invoker.java:811)
	at org.testng.internal.Invoker.invokeTestMethods(Invoker.java:1129)
	at org.testng.internal.TestMethodWorker.invokeTestMethods(TestMethodWorker.java:129)
	at org.testng.internal.TestMethodWorker.run(TestMethodWorker.java:112)
	at org.testng.TestRunner.privateRun(TestRunner.java:746)
	at org.testng.TestRunner.run(TestRunner.java:600)
	at org.testng.SuiteRunner.runTest(SuiteRunner.java:366)
	at org.testng.SuiteRunner.runSequentially(SuiteRunner.java:361)
	at org.testng.SuiteRunner.privateRun(SuiteRunner.java:319)
	at org.testng.SuiteRunner.run(SuiteRunner.java:268)
	at org.testng.SuiteRunnerWorker.runSuite(SuiteRunnerWorker.java:52)
	at org.testng.SuiteRunnerWorker.run(SuiteRunnerWorker.java:86)
	at org.testng.TestNG.runSuitesSequentially(TestNG.java:1264)
	at org.testng.TestNG.runSuitesLocally(TestNG.java:1189)
	at org.testng.TestNG.runSuites(TestNG.java:1104)
	at org.testng.TestNG.run(TestNG.java:1076)
	at org.testng.remote.AbstractRemoteTestNG.run(AbstractRemoteTestNG.java:126)
	at org.testng.remote.RemoteTestNG.initAndRun(RemoteTestNG.java:152)
	at org.testng.remote.RemoteTestNG.main(RemoteTestNG.java:57)
Caused by: java.lang.RuntimeException: exec return code 1: ERROR: Access denied

	at org.openqa.selenium.os.WindowsUtils.killPID(WindowsUtils.java:185)
	at org.openqa.selenium.os.ProcessUtils.killWinProcess(ProcessUtils.java:138)
	... 38 more
]]>
    </failure>
  </testcase> <!-- @AfterMethod tearDown -->
  <testcase name="@BeforeMethod init" time="0.0" classname="com.buxie.selenium.testNGfun.RunWithTestNGnoGrouping">
    <skipped/>
  </testcase> <!-- @BeforeMethod init -->
  <testcase name="@AfterMethod tearDown" time="0.0" classname="com.buxie.selenium.testNGfun.RunWithTestNGnoGrouping">
    <skipped/>
  </testcase> <!-- @AfterMethod tearDown -->
  <testcase name="@BeforeMethod init" time="0.0" classname="com.buxie.selenium.testNGfun.RunWithTestNGnoGrouping">
    <skipped/>
  </testcase> <!-- @BeforeMethod init -->
  <testcase name="@AfterMethod tearDown" time="0.0" classname="com.buxie.selenium.testNGfun.RunWithTestNGnoGrouping">
    <skipped/>
  </testcase> <!-- @AfterMethod tearDown -->
  <testcase name="@BeforeMethod init" time="0.0" classname="com.buxie.selenium.testNGfun.RunWithTestNGnoGrouping">
    <skipped/>
  </testcase> <!-- @BeforeMethod init -->
  <testcase name="@AfterMethod tearDown" time="0.0" classname="com.buxie.selenium.testNGfun.RunWithTestNGnoGrouping">
    <skipped/>
  </testcase> <!-- @AfterMethod tearDown -->
  <testcase name="@BeforeMethod init" time="0.0" classname="com.buxie.selenium.testNGfun.RunWithTestNGnoGrouping">
    <skipped/>
  </testcase> <!-- @BeforeMethod init -->
  <testcase name="@AfterMethod tearDown" time="0.0" classname="com.buxie.selenium.testNGfun.RunWithTestNGnoGrouping">
    <skipped/>
  </testcase> <!-- @AfterMethod tearDown -->
  <testcase name="@BeforeMethod init" time="0.0" classname="com.buxie.selenium.testNGfun.RunWithTestNGnoGrouping">
    <skipped/>
  </testcase> <!-- @BeforeMethod init -->
  <testcase name="@AfterMethod tearDown" time="0.0" classname="com.buxie.selenium.testNGfun.RunWithTestNGnoGrouping">
    <skipped/>
  </testcase> <!-- @AfterMethod tearDown -->
  <testcase name="@BeforeMethod init" time="0.0" classname="com.buxie.selenium.testNGfun.RunWithTestNGnoGrouping">
    <skipped/>
  </testcase> <!-- @BeforeMethod init -->
  <testcase name="@AfterMethod tearDown" time="0.0" classname="com.buxie.selenium.testNGfun.RunWithTestNGnoGrouping">
    <skipped/>
  </testcase> <!-- @AfterMethod tearDown -->
  <testcase name="@BeforeMethod init" time="0.0" classname="com.buxie.selenium.testNGfun.RunWithTestNGnoGrouping">
    <skipped/>
  </testcase> <!-- @BeforeMethod init -->
  <testcase name="@AfterMethod tearDown" time="0.0" classname="com.buxie.selenium.testNGfun.RunWithTestNGnoGrouping">
    <skipped/>
  </testcase> <!-- @AfterMethod tearDown -->
  <testcase name="@BeforeMethod init" time="0.0" classname="com.buxie.selenium.testNGfun.RunWithTestNGnoGrouping">
    <skipped/>
  </testcase> <!-- @BeforeMethod init -->
  <testcase name="@AfterMethod tearDown" time="0.0" classname="com.buxie.selenium.testNGfun.RunWithTestNGnoGrouping">
    <skipped/>
  </testcase> <!-- @AfterMethod tearDown -->
  <testcase name="@AfterTest bye" time="0.0" classname="com.buxie.selenium.testNGfun.RunWithTestNGnoGrouping">
    <skipped/>
  </testcase> <!-- @AfterTest bye -->
  <testcase name="testBrowsePerfectFor" time="117.286" classname="com.buxie.selenium.testNGfun.RunWithTestNGnoGrouping"/>
  <testcase name="testFavorite" time="0.003" classname="com.buxie.selenium.testNGfun.RunWithTestNGnoGrouping">
    <skipped/>
  </testcase> <!-- testFavorite -->
  <testcase name="testFilterAndPlayCustomAfterLogin" time="0.004" classname="com.buxie.selenium.testNGfun.RunWithTestNGnoGrouping">
    <skipped/>
  </testcase> <!-- testFilterAndPlayCustomAfterLogin -->
  <testcase name="testPlayStastionFromProfile" time="0.003" classname="com.buxie.selenium.testNGfun.RunWithTestNGnoGrouping">
    <skipped/>
  </testcase> <!-- testPlayStastionFromProfile -->
  <testcase name="testPodcastThumbDown" time="0.002" classname="com.buxie.selenium.testNGfun.RunWithTestNGnoGrouping">
    <skipped/>
  </testcase> <!-- testPodcastThumbDown -->
  <testcase name="testPopularUserFlow" time="0.001" classname="com.buxie.selenium.testNGfun.RunWithTestNGnoGrouping">
    <skipped/>
  </testcase> <!-- testPopularUserFlow -->
  <testcase name="testSearchFromPodcast" time="0.001" classname="com.buxie.selenium.testNGfun.RunWithTestNGnoGrouping">
    <skipped/>
  </testcase> <!-- testSearchFromPodcast -->
  <testcase name="testSearchJoshInAll" time="0.0" classname="com.buxie.selenium.testNGfun.RunWithTestNGnoGrouping">
    <skipped/>
  </testcase> <!-- testSearchJoshInAll -->
  <testcase name="testThumbUpLive" time="0.001" classname="com.buxie.selenium.testNGfun.RunWithTestNGnoGrouping">
    <skipped/>
  </testcase> <!-- testThumbUpLive -->
</testsuite> <!-- Default test -->
