<?xml version="1.0" encoding="UTF-8"?>
<!-- Generated by org.testng.reporters.JUnitXMLReporter -->
<testsuite hostname="DESKTOP-D75Q99P" name="Test in Firefox" tests="9" failures="1" timestamp="20 Sep 2016 19:27:48 GMT" time="138.473" errors="0">
  <testcase name="@AfterMethod tearDown" time="0.0" classname="com.buxie.selenium.testNGfun.RunWithTestNGnoGrouping">
    <failure type="java.lang.RuntimeException" message="Process refused to die after 10 seconds, and couldn&amp;apos;t taskkill it: exec return code 1: ERROR: Access denied
">
      <![CDATA[java.lang.RuntimeException: Process refused to die after 10 seconds, and couldn't taskkill it: exec return code 1: ERROR: Access denied

	at org.openqa.selenium.os.ProcessUtils.killWinProcess(ProcessUtils.java:143)
	at org.openqa.selenium.os.ProcessUtils.killProcess(ProcessUtils.java:81)
	at org.openqa.selenium.os.UnixProcess$SeleniumWatchDog.destroyHarder(UnixProcess.java:247)
	at org.openqa.selenium.os.UnixProcess$SeleniumWatchDog.access$200(UnixProcess.java:201)
	at org.openqa.selenium.os.UnixProcess.destroy(UnixProcess.java:125)
	at org.openqa.selenium.os.CommandLine.destroy(CommandLine.java:155)
	at org.openqa.selenium.firefox.FirefoxBinary.quit(FirefoxBinary.java:246)
	at org.openqa.selenium.firefox.internal.NewProfileExtensionConnection.quit(NewProfileExtensionConnection.java:194)
	at org.openqa.selenium.firefox.FirefoxDriver$LazyCommandExecutor.quit(FirefoxDriver.java:364)
	at org.openqa.selenium.firefox.FirefoxDriver.stopClient(FirefoxDriver.java:310)
	at org.openqa.selenium.remote.RemoteWebDriver.quit(RemoteWebDriver.java:529)
	at com.buxie.selenium.testNGfun.RunWithTestNGnoGrouping.tearDown(RunWithTestNGnoGrouping.java:172)
	at sun.reflect.NativeMethodAccessorImpl.invoke0(Native Method)
	at sun.reflect.NativeMethodAccessorImpl.invoke(NativeMethodAccessorImpl.java:62)
	at sun.reflect.DelegatingMethodAccessorImpl.invoke(DelegatingMethodAccessorImpl.java:43)
	at java.lang.reflect.Method.invoke(Method.java:498)
	at org.testng.internal.MethodInvocationHelper.invokeMethod(MethodInvocationHelper.java:100)
	at org.testng.internal.Invoker.invokeConfigurationMethod(Invoker.java:515)
	at org.testng.internal.Invoker.invokeConfigurations(Invoker.java:216)
	at org.testng.internal.Invoker.invokeMethod(Invoker.java:712)
	at org.testng.internal.Invoker.invokeTestMethod(Invoker.java:811)
	at org.testng.internal.Invoker.invokeTestMethods(Invoker.java:1129)
	at org.testng.internal.TestMethodWorker.invokeTestMethods(TestMethodWorker.java:129)
	at org.testng.internal.TestMethodWorker.run(TestMethodWorker.java:112)
	at org.testng.TestRunner.privateRun(TestRunner.java:746)
	at org.testng.TestRunner.run(TestRunner.java:600)
	at org.testng.SuiteRunner.runTest(SuiteRunner.java:366)
	at org.testng.SuiteRunner.runSequentially(SuiteRunner.java:361)
	at org.testng.SuiteRunner.privateRun(SuiteRunner.java:319)
	at org.testng.SuiteRunner.run(SuiteRunner.java:268)
	at org.testng.SuiteRunnerWorker.runSuite(SuiteRunnerWorker.java:52)
	at org.testng.SuiteRunnerWorker.run(SuiteRunnerWorker.java:86)
	at org.testng.TestNG.runSuitesSequentially(TestNG.java:1264)
	at org.testng.TestNG.runSuitesLocally(TestNG.java:1189)
	at org.testng.TestNG.runSuites(TestNG.java:1104)
	at org.testng.TestNG.run(TestNG.java:1076)
	at org.testng.remote.AbstractRemoteTestNG.run(AbstractRemoteTestNG.java:126)
	at org.testng.remote.RemoteTestNG.initAndRun(RemoteTestNG.java:152)
	at org.testng.remote.RemoteTestNG.main(RemoteTestNG.java:57)
Caused by: java.lang.RuntimeException: exec return code 1: ERROR: Access denied

	at org.openqa.selenium.os.WindowsUtils.killPID(WindowsUtils.java:185)
	at org.openqa.selenium.os.ProcessUtils.killWinProcess(ProcessUtils.java:138)
	... 38 more
]]>
    </failure>
  </testcase> <!-- @AfterMethod tearDown -->
  <testcase name="@BeforeMethod init" time="0.0" classname="com.buxie.selenium.testNGfun.RunWithTestNGnoGrouping">
    <skipped/>
  </testcase> <!-- @BeforeMethod init -->
  <testcase name="@AfterMethod tearDown" time="0.0" classname="com.buxie.selenium.testNGfun.RunWithTestNGnoGrouping">
    <skipped/>
  </testcase> <!-- @AfterMethod tearDown -->
  <testcase name="@BeforeMethod init" time="0.0" classname="com.buxie.selenium.testNGfun.RunWithTestNGnoGrouping">
    <skipped/>
  </testcase> <!-- @BeforeMethod init -->
  <testcase name="@AfterMethod tearDown" time="0.0" classname="com.buxie.selenium.testNGfun.RunWithTestNGnoGrouping">
    <skipped/>
  </testcase> <!-- @AfterMethod tearDown -->
  <testcase name="@BeforeMethod init" time="0.0" classname="com.buxie.selenium.testNGfun.RunWithTestNGnoGrouping">
    <skipped/>
  </testcase> <!-- @BeforeMethod init -->
  <testcase name="@AfterMethod tearDown" time="0.0" classname="com.buxie.selenium.testNGfun.RunWithTestNGnoGrouping">
    <skipped/>
  </testcase> <!-- @AfterMethod tearDown -->
  <testcase name="@BeforeMethod init" time="0.0" classname="com.buxie.selenium.testNGfun.RunWithTestNGnoGrouping">
    <skipped/>
  </testcase> <!-- @BeforeMethod init -->
  <testcase name="@AfterMethod tearDown" time="0.0" classname="com.buxie.selenium.testNGfun.RunWithTestNGnoGrouping">
    <skipped/>
  </testcase> <!-- @AfterMethod tearDown -->
  <testcase name="@BeforeMethod init" time="0.0" classname="com.buxie.selenium.testNGfun.RunWithTestNGnoGrouping">
    <skipped/>
  </testcase> <!-- @BeforeMethod init -->
  <testcase name="@AfterMethod tearDown" time="0.0" classname="com.buxie.selenium.testNGfun.RunWithTestNGnoGrouping">
    <skipped/>
  </testcase> <!-- @AfterMethod tearDown -->
  <testcase name="@BeforeMethod init" time="0.0" classname="com.buxie.selenium.testNGfun.RunWithTestNGnoGrouping">
    <skipped/>
  </testcase> <!-- @BeforeMethod init -->
  <testcase name="@AfterMethod tearDown" time="0.0" classname="com.buxie.selenium.testNGfun.RunWithTestNGnoGrouping">
    <skipped/>
  </testcase> <!-- @AfterMethod tearDown -->
  <testcase name="@BeforeMethod init" time="0.0" classname="com.buxie.selenium.testNGfun.RunWithTestNGnoGrouping">
    <skipped/>
  </testcase> <!-- @BeforeMethod init -->
  <testcase name="@AfterMethod tearDown" time="0.0" classname="com.buxie.selenium.testNGfun.RunWithTestNGnoGrouping">
    <skipped/>
  </testcase> <!-- @AfterMethod tearDown -->
  <testcase name="@BeforeMethod init" time="0.0" classname="com.buxie.selenium.testNGfun.RunWithTestNGnoGrouping">
    <skipped/>
  </testcase> <!-- @BeforeMethod init -->
  <testcase name="@AfterMethod tearDown" time="0.0" classname="com.buxie.selenium.testNGfun.RunWithTestNGnoGrouping">
    <skipped/>
  </testcase> <!-- @AfterMethod tearDown -->
  <testcase name="@AfterTest bye" time="0.0" classname="com.buxie.selenium.testNGfun.RunWithTestNGnoGrouping">
    <skipped/>
  </testcase> <!-- @AfterTest bye -->
  <testcase name="testBrowsePerfectFor" time="116.605" classname="com.buxie.selenium.testNGfun.RunWithTestNGnoGrouping">
    <failure type="org.openqa.selenium.NoSuchElementException" message="Unable to locate element: {&amp;quot;method&amp;quot;:&amp;quot;css selector&amp;quot;,&amp;quot;selector&amp;quot;:&amp;quot;.dialog-close &amp;gt; div:nth-child(1) &amp;gt; button:nth-child(1)&amp;quot;}
Command duration or timeout: 57 milliseconds
For documentation on this error, please visit: http://seleniumhq.org/exceptions/no_such_element.html
Build info: version: &amp;apos;2.52.0&amp;apos;, revision: &amp;apos;4c2593cfc3689a7fcd7be52549167e5ccc93ad28&amp;apos;, time: &amp;apos;2016-02-11 11:22:43&amp;apos;
System info: host: &amp;apos;DESKTOP-D75Q99P&amp;apos;, ip: &amp;apos;192.168.1.5&amp;apos;, os.name: &amp;apos;Windows 10&amp;apos;, os.arch: &amp;apos;amd64&amp;apos;, os.version: &amp;apos;10.0&amp;apos;, java.version: &amp;apos;1.8.0_101&amp;apos;
Driver info: org.openqa.selenium.firefox.FirefoxDriver
Capabilities [{applicationCacheEnabled=true, rotatable=false, handlesAlerts=true, databaseEnabled=true, version=46.0.1, platform=WINDOWS, nativeEvents=false, acceptSslCerts=true, webStorageEnabled=true, locationContextEnabled=true, browserName=firefox, takesScreenshot=true, javascriptEnabled=true, cssSelectorsEnabled=true}]
Session ID: b7f7d133-d78b-4842-be64-7b0aaa64f928
*** Element info: {Using=css selector, value=.dialog-close &amp;gt; div:nth-child(1) &amp;gt; button:nth-child(1)}">
      <![CDATA[org.openqa.selenium.NoSuchElementException: Unable to locate element: {"method":"css selector","selector":".dialog-close > div:nth-child(1) > button:nth-child(1)"}
Command duration or timeout: 57 milliseconds
For documentation on this error, please visit: http://seleniumhq.org/exceptions/no_such_element.html
Build info: version: '2.52.0', revision: '4c2593cfc3689a7fcd7be52549167e5ccc93ad28', time: '2016-02-11 11:22:43'
System info: host: 'DESKTOP-D75Q99P', ip: '192.168.1.5', os.name: 'Windows 10', os.arch: 'amd64', os.version: '10.0', java.version: '1.8.0_101'
Driver info: org.openqa.selenium.firefox.FirefoxDriver
Capabilities [{applicationCacheEnabled=true, rotatable=false, handlesAlerts=true, databaseEnabled=true, version=46.0.1, platform=WINDOWS, nativeEvents=false, acceptSslCerts=true, webStorageEnabled=true, locationContextEnabled=true, browserName=firefox, takesScreenshot=true, javascriptEnabled=true, cssSelectorsEnabled=true}]
Session ID: b7f7d133-d78b-4842-be64-7b0aaa64f928
*** Element info: {Using=css selector, value=.dialog-close > div:nth-child(1) > button:nth-child(1)}
	at sun.reflect.GeneratedConstructorAccessor17.newInstance(Unknown Source)
	at sun.reflect.DelegatingConstructorAccessorImpl.newInstance(DelegatingConstructorAccessorImpl.java:45)
	at java.lang.reflect.Constructor.newInstance(Constructor.java:423)
	at org.openqa.selenium.remote.ErrorHandler.createThrowable(ErrorHandler.java:206)
	at org.openqa.selenium.remote.ErrorHandler.throwIfResponseFailed(ErrorHandler.java:158)
	at org.openqa.selenium.remote.RemoteWebDriver.execute(RemoteWebDriver.java:678)
	at org.openqa.selenium.remote.RemoteWebDriver.findElement(RemoteWebDriver.java:363)
	at org.openqa.selenium.remote.RemoteWebDriver.findElementByCssSelector(RemoteWebDriver.java:492)
	at org.openqa.selenium.By$ByCssSelector.findElement(By.java:430)
	at org.openqa.selenium.remote.RemoteWebDriver.findElement(RemoteWebDriver.java:355)
	at com.buxie.selenium.testNGfun.WaitUtility.fluentWaitIgnoreAll(WaitUtility.java:205)
	at com.buxie.selenium.testNGfun.SignUpPage.closeDialog(SignUpPage.java:56)
	at com.buxie.selenium.testCases.PerfectForCases.browsePerfectFor(PerfectForCases.java:35)
	at com.buxie.selenium.testNGfun.RunWithTestNGnoGrouping.testBrowsePerfectFor(RunWithTestNGnoGrouping.java:153)
	at sun.reflect.NativeMethodAccessorImpl.invoke0(Native Method)
	at sun.reflect.NativeMethodAccessorImpl.invoke(NativeMethodAccessorImpl.java:62)
	at sun.reflect.DelegatingMethodAccessorImpl.invoke(DelegatingMethodAccessorImpl.java:43)
	at java.lang.reflect.Method.invoke(Method.java:498)
	at org.testng.internal.MethodInvocationHelper.invokeMethod(MethodInvocationHelper.java:100)
	at org.testng.internal.Invoker.invokeMethod(Invoker.java:646)
	at org.testng.internal.Invoker.invokeTestMethod(Invoker.java:811)
	at org.testng.internal.Invoker.invokeTestMethods(Invoker.java:1129)
	at org.testng.internal.TestMethodWorker.invokeTestMethods(TestMethodWorker.java:129)
	at org.testng.internal.TestMethodWorker.run(TestMethodWorker.java:112)
	at org.testng.TestRunner.privateRun(TestRunner.java:746)
	at org.testng.TestRunner.run(TestRunner.java:600)
	at org.testng.SuiteRunner.runTest(SuiteRunner.java:366)
	at org.testng.SuiteRunner.runSequentially(SuiteRunner.java:361)
	at org.testng.SuiteRunner.privateRun(SuiteRunner.java:319)
	at org.testng.SuiteRunner.run(SuiteRunner.java:268)
	at org.testng.SuiteRunnerWorker.runSuite(SuiteRunnerWorker.java:52)
	at org.testng.SuiteRunnerWorker.run(SuiteRunnerWorker.java:86)
	at org.testng.TestNG.runSuitesSequentially(TestNG.java:1264)
	at org.testng.TestNG.runSuitesLocally(TestNG.java:1189)
	at org.testng.TestNG.runSuites(TestNG.java:1104)
	at org.testng.TestNG.run(TestNG.java:1076)
	at org.testng.remote.AbstractRemoteTestNG.run(AbstractRemoteTestNG.java:126)
	at org.testng.remote.RemoteTestNG.initAndRun(RemoteTestNG.java:152)
	at org.testng.remote.RemoteTestNG.main(RemoteTestNG.java:57)
	Suppressed: org.openqa.selenium.TimeoutException: Timed out after 60 seconds waiting for com.buxie.selenium.testNGfun.WaitUtility$3@3abada5a
Build info: version: '2.52.0', revision: '4c2593cfc3689a7fcd7be52549167e5ccc93ad28', time: '2016-02-11 11:22:43'
System info: host: 'DESKTOP-D75Q99P', ip: '192.168.1.5', os.name: 'Windows 10', os.arch: 'amd64', os.version: '10.0', java.version: '1.8.0_101'
Driver info: driver.version: unknown
		at org.openqa.selenium.support.ui.FluentWait.timeoutException(FluentWait.java:292)
		at org.openqa.selenium.support.ui.FluentWait.until(FluentWait.java:261)
		at com.buxie.selenium.testNGfun.WaitUtility.fluentWaitIgnoreAll(WaitUtility.java:195)
		... 28 more
	Caused by: org.openqa.selenium.NoSuchElementException: Unable to locate element: {"method":"css selector","selector":".dialog-close > div:nth-child(1) > button:nth-child(1)"}
Command duration or timeout: 63 milliseconds
For documentation on this error, please visit: http://seleniumhq.org/exceptions/no_such_element.html
Build info: version: '2.52.0', revision: '4c2593cfc3689a7fcd7be52549167e5ccc93ad28', time: '2016-02-11 11:22:43'
System info: host: 'DESKTOP-D75Q99P', ip: '192.168.1.5', os.name: 'Windows 10', os.arch: 'amd64', os.version: '10.0', java.version: '1.8.0_101'
Driver info: org.openqa.selenium.firefox.FirefoxDriver
Capabilities [{applicationCacheEnabled=true, rotatable=false, handlesAlerts=true, databaseEnabled=true, version=46.0.1, platform=WINDOWS, nativeEvents=false, acceptSslCerts=true, webStorageEnabled=true, locationContextEnabled=true, browserName=firefox, takesScreenshot=true, javascriptEnabled=true, cssSelectorsEnabled=true}]
Session ID: b7f7d133-d78b-4842-be64-7b0aaa64f928
*** Element info: {Using=css selector, value=.dialog-close > div:nth-child(1) > button:nth-child(1)}
		at sun.reflect.GeneratedConstructorAccessor17.newInstance(Unknown Source)
		at sun.reflect.DelegatingConstructorAccessorImpl.newInstance(DelegatingConstructorAccessorImpl.java:45)
		at java.lang.reflect.Constructor.newInstance(Constructor.java:423)
		at org.openqa.selenium.remote.ErrorHandler.createThrowable(ErrorHandler.java:206)
		at org.openqa.selenium.remote.ErrorHandler.throwIfResponseFailed(ErrorHandler.java:158)
		at org.openqa.selenium.remote.RemoteWebDriver.execute(RemoteWebDriver.java:678)
		at org.openqa.selenium.remote.RemoteWebDriver.findElement(RemoteWebDriver.java:363)
		at org.openqa.selenium.remote.RemoteWebDriver.findElementByCssSelector(RemoteWebDriver.java:492)
		at org.openqa.selenium.By$ByCssSelector.findElement(By.java:430)
		at org.openqa.selenium.remote.RemoteWebDriver.findElement(RemoteWebDriver.java:355)
		at com.buxie.selenium.testNGfun.WaitUtility$3.apply(WaitUtility.java:199)
		at com.buxie.selenium.testNGfun.WaitUtility$3.apply(WaitUtility.java:1)
		at org.openqa.selenium.support.ui.FluentWait.until(FluentWait.java:238)
		... 29 more
	Caused by: org.openqa.selenium.NoSuchElementException: Unable to locate element: {"method":"css selector","selector":".dialog-close > div:nth-child(1) > button:nth-child(1)"}
For documentation on this error, please visit: http://seleniumhq.org/exceptions/no_such_element.html
Build info: version: '2.52.0', revision: '4c2593cfc3689a7fcd7be52549167e5ccc93ad28', time: '2016-02-11 11:22:43'
System info: host: 'DESKTOP-D75Q99P', ip: '192.168.1.5', os.name: 'Windows 10', os.arch: 'amd64', os.version: '10.0', java.version: '1.8.0_101'
Driver info: driver.version: unknown
		at <anonymous class>.FirefoxDriver.prototype.findElementInternal_(file:///C:/Users/AZUREW~1/AppData/Local/Temp/anonymous6701694931316762264webdriver-profile/extensions/fxdriver@googlecode.com/components/driver-component.js:10723)
		at <anonymous class>.FirefoxDriver.prototype.findElement(file:///C:/Users/AZUREW~1/AppData/Local/Temp/anonymous6701694931316762264webdriver-profile/extensions/fxdriver@googlecode.com/components/driver-component.js:10732)
		at <anonymous class>.DelayedCommand.prototype.executeInternal_/h(file:///C:/Users/AZUREW~1/AppData/Local/Temp/anonymous6701694931316762264webdriver-profile/extensions/fxdriver@googlecode.com/components/command-processor.js:12614)
		at <anonymous class>.DelayedCommand.prototype.executeInternal_(file:///C:/Users/AZUREW~1/AppData/Local/Temp/anonymous6701694931316762264webdriver-profile/extensions/fxdriver@googlecode.com/components/command-processor.js:12619)
		at <anonymous class>.DelayedCommand.prototype.execute/<(file:///C:/Users/AZUREW~1/AppData/Local/Temp/anonymous6701694931316762264webdriver-profile/extensions/fxdriver@googlecode.com/components/command-processor.js:12561)
Caused by: org.openqa.selenium.NoSuchElementException: Unable to locate element: {"method":"css selector","selector":".dialog-close > div:nth-child(1) > button:nth-child(1)"}
For documentation on this error, please visit: http://seleniumhq.org/exceptions/no_such_element.html
Build info: version: '2.52.0', revision: '4c2593cfc3689a7fcd7be52549167e5ccc93ad28', time: '2016-02-11 11:22:43'
System info: host: 'DESKTOP-D75Q99P', ip: '192.168.1.5', os.name: 'Windows 10', os.arch: 'amd64', os.version: '10.0', java.version: '1.8.0_101'
Driver info: driver.version: unknown
	at <anonymous class>.FirefoxDriver.prototype.findElementInternal_(file:///C:/Users/AZUREW~1/AppData/Local/Temp/anonymous6701694931316762264webdriver-profile/extensions/fxdriver@googlecode.com/components/driver-component.js:10723)
	at <anonymous class>.FirefoxDriver.prototype.findElement(file:///C:/Users/AZUREW~1/AppData/Local/Temp/anonymous6701694931316762264webdriver-profile/extensions/fxdriver@googlecode.com/components/driver-component.js:10732)
	at <anonymous class>.DelayedCommand.prototype.executeInternal_/h(file:///C:/Users/AZUREW~1/AppData/Local/Temp/anonymous6701694931316762264webdriver-profile/extensions/fxdriver@googlecode.com/components/command-processor.js:12614)
	at <anonymous class>.DelayedCommand.prototype.executeInternal_(file:///C:/Users/AZUREW~1/AppData/Local/Temp/anonymous6701694931316762264webdriver-profile/extensions/fxdriver@googlecode.com/components/command-processor.js:12619)
	at <anonymous class>.DelayedCommand.prototype.execute/<(file:///C:/Users/AZUREW~1/AppData/Local/Temp/anonymous6701694931316762264webdriver-profile/extensions/fxdriver@googlecode.com/components/command-processor.js:12561)
]]>
    </failure>
  </testcase> <!-- testBrowsePerfectFor -->
  <testcase name="testFavorite" time="0.003" classname="com.buxie.selenium.testNGfun.RunWithTestNGnoGrouping">
    <skipped/>
  </testcase> <!-- testFavorite -->
  <testcase name="testFilterAndPlayCustomAfterLogin" time="0.005" classname="com.buxie.selenium.testNGfun.RunWithTestNGnoGrouping">
    <skipped/>
  </testcase> <!-- testFilterAndPlayCustomAfterLogin -->
  <testcase name="testPlayStastionFromProfile" time="0.004" classname="com.buxie.selenium.testNGfun.RunWithTestNGnoGrouping">
    <skipped/>
  </testcase> <!-- testPlayStastionFromProfile -->
  <testcase name="testPodcastThumbDown" time="0.004" classname="com.buxie.selenium.testNGfun.RunWithTestNGnoGrouping">
    <skipped/>
  </testcase> <!-- testPodcastThumbDown -->
  <testcase name="testPopularUserFlow" time="0.001" classname="com.buxie.selenium.testNGfun.RunWithTestNGnoGrouping">
    <skipped/>
  </testcase> <!-- testPopularUserFlow -->
  <testcase name="testSearchFromPodcast" time="0.0" classname="com.buxie.selenium.testNGfun.RunWithTestNGnoGrouping">
    <skipped/>
  </testcase> <!-- testSearchFromPodcast -->
  <testcase name="testSearchJoshInAll" time="0.001" classname="com.buxie.selenium.testNGfun.RunWithTestNGnoGrouping">
    <skipped/>
  </testcase> <!-- testSearchJoshInAll -->
  <testcase name="testThumbUpLive" time="0.001" classname="com.buxie.selenium.testNGfun.RunWithTestNGnoGrouping">
    <skipped/>
  </testcase> <!-- testThumbUpLive -->
</testsuite> <!-- Test in Firefox -->
