<html>
<head>
<title>TestNG:  Test in Firefox</title>
<link href="../testng.css" rel="stylesheet" type="text/css" />
<link href="../my-testng.css" rel="stylesheet" type="text/css" />

<style type="text/css">
.log { display: none;} 
.stack-trace { display: none;} 
</style>
<script type="text/javascript">
<!--
function flip(e) {
  current = e.style.display;
  if (current == 'block') {
    e.style.display = 'none';
    return 0;
  }
  else {
    e.style.display = 'block';
    return 1;
  }
}

function toggleBox(szDivId, elem, msg1, msg2)
{
  var res = -1;  if (document.getElementById) {
    res = flip(document.getElementById(szDivId));
  }
  else if (document.all) {
    // this is the way old msie versions work
    res = flip(document.all[szDivId]);
  }
  if(elem) {
    if(res == 0) elem.innerHTML = msg1; else elem.innerHTML = msg2;
  }

}

function toggleAllBoxes() {
  if (document.getElementsByTagName) {
    d = document.getElementsByTagName('div');
    for (i = 0; i < d.length; i++) {
      if (d[i].className == 'log') {
        flip(d[i]);
      }
    }
  }
}

// -->
</script>

</head>
<body>
<h2 align='center'>Test in Firefox</h2><table border='1' align="center">
<tr>
<td>Tests passed/Failed/Skipped:</td><td>0/1/8</td>
</tr><tr>
<td>Started on:</td><td>Tue Sep 20 15:25:29 EDT 2016</td>
</tr>
<tr><td>Total time:</td><td>138 seconds (138473 ms)</td>
</tr><tr>
<td>Included groups:</td><td></td>
</tr><tr>
<td>Excluded groups:</td><td></td>
</tr>
</table><p/>
<small><i>(Hover the method name to see the test class name)</i></small><p/>
<table width='100%' border='1' class='invocation-failed'>
<tr><td colspan='4' align='center'><b>FAILED CONFIGURATIONS</b></td></tr>
<tr><td><b>Test method</b></td>
<td width="30%"><b>Exception</b></td>
<td width="10%"><b>Time (seconds)</b></td>
<td><b>Instance</b></td>
</tr>
<tr>
<td title='com.buxie.selenium.testNGfun.RunWithTestNGnoGrouping.tearDown()'><b>tearDown</b><br>Test class: com.buxie.selenium.testNGfun.RunWithTestNGnoGrouping<br>Parameters: [TestResult name=testBrowsePerfectFor status=FAILURE method=RunWithTestNGnoGrouping.testBrowsePerfectFor()[pri:0, instance:com.buxie.selenium.testNGfun.RunWithTestNGnoGrouping@598067a5] output={null}]</td>
<td><div><pre>java.lang.RuntimeException: Process refused to die after 10 seconds, and couldn&apos;t taskkill it: exec return code 1: ERROR: Access denied

	at org.openqa.selenium.os.ProcessUtils.killWinProcess(ProcessUtils.java:143)
	at org.openqa.selenium.os.ProcessUtils.killProcess(ProcessUtils.java:81)
	at org.openqa.selenium.os.UnixProcess$SeleniumWatchDog.destroyHarder(UnixProcess.java:247)
	at org.openqa.selenium.os.UnixProcess$SeleniumWatchDog.access$200(UnixProcess.java:201)
	at org.openqa.selenium.os.UnixProcess.destroy(UnixProcess.java:125)
	at org.openqa.selenium.os.CommandLine.destroy(CommandLine.java:155)
	at org.openqa.selenium.firefox.FirefoxBinary.quit(FirefoxBinary.java:246)
	at org.openqa.selenium.firefox.internal.NewProfileExtensionConnection.quit(NewProfileExtensionConnection.java:194)
	at org.openqa.selenium.firefox.FirefoxDriver$LazyCommandExecutor.quit(FirefoxDriver.java:364)
	at org.openqa.selenium.firefox.FirefoxDriver.stopClient(FirefoxDriver.java:310)
	at org.openqa.selenium.remote.RemoteWebDriver.quit(RemoteWebDriver.java:529)
	at com.buxie.selenium.testNGfun.RunWithTestNGnoGrouping.tearDown(RunWithTestNGnoGrouping.java:172)
	at sun.reflect.NativeMethodAccessorImpl.invoke0(Native Method)
	at sun.reflect.NativeMethodAccessorImpl.invoke(NativeMethodAccessorImpl.java:62)
	at sun.reflect.DelegatingMethodAccessorImpl.invoke(DelegatingMethodAccessorImpl.java:43)
	at java.lang.reflect.Method.invoke(Method.java:498)
	at org.testng.internal.MethodInvocationHelper.invokeMethod(MethodInvocationHelper.java:100)
	at org.testng.internal.Invoker.invokeConfigurationMethod(Invoker.java:515)
	at org.testng.internal.Invoker.invokeConfigurations(Invoker.java:216)
	at org.testng.internal.Invoker.invokeMethod(Invoker.java:712)
	at org.testng.internal.Invoker.invokeTestMethod(Invoker.java:811)
	at org.testng.internal.Invoker.invokeTestMethods(Invoker.java:1129)
	at org.testng.internal.TestMethodWorker.invokeTestMethods(TestMethodWorker.java:129)
	at org.testng.internal.TestMethodWorker.run(TestMethodWorker.java:112)
	at org.testng.TestRunner.privateRun(TestRunner.java:746)
	at org.testng.TestRunner.run(TestRunner.java:600)
	at org.testng.SuiteRunner.runTest(SuiteRunner.java:366)
	at org.testng.SuiteRunner.runSequentially(SuiteRunner.java:361)
	at org.testng.SuiteRunner.privateRun(SuiteRunner.java:319)
	at org.testng.SuiteRunner.run(SuiteRunner.java:268)
	at org.testng.SuiteRunnerWorker.runSuite(SuiteRunnerWorker.java:52)
	at org.testng.SuiteRunnerWorker.run(SuiteRunnerWorker.java:86)
	at org.testng.TestNG.runSuitesSequentially(TestNG.java:1264)
	at org.testng.TestNG.runSuitesLocally(TestNG.java:1189)
	at org.testng.TestNG.runSuites(TestNG.java:1104)
	at org.testng.TestNG.run(TestNG.java:1076)
	at org.testng.remote.AbstractRemoteTestNG.run(AbstractRemoteTestNG.java:126)
	at org.testng.remote.RemoteTestNG.initAndRun(RemoteTestNG.java:152)
	at org.testng.remote.RemoteTestNG.main(RemoteTestNG.java:57)
Caused by: java.lang.RuntimeException: exec return code 1: ERROR: Access denied

	at org.openqa.selenium.os.WindowsUtils.killPID(WindowsUtils.java:185)
	at org.openqa.selenium.os.ProcessUtils.killWinProcess(ProcessUtils.java:138)
	... 38 more
</pre></div><a href='#' onClick='toggleBox("stack-trace373378624", this, "Click to show all stack frames", "Click to hide stack frames")'>Click to show all stack frames</a>
<div class='stack-trace' id='stack-trace373378624'><pre>java.lang.RuntimeException: Process refused to die after 10 seconds, and couldn&apos;t taskkill it: exec return code 1: ERROR: Access denied

	at org.openqa.selenium.os.ProcessUtils.killWinProcess(ProcessUtils.java:143)
	at org.openqa.selenium.os.ProcessUtils.killProcess(ProcessUtils.java:81)
	at org.openqa.selenium.os.UnixProcess$SeleniumWatchDog.destroyHarder(UnixProcess.java:247)
	at org.openqa.selenium.os.UnixProcess$SeleniumWatchDog.access$200(UnixProcess.java:201)
	at org.openqa.selenium.os.UnixProcess.destroy(UnixProcess.java:125)
	at org.openqa.selenium.os.CommandLine.destroy(CommandLine.java:155)
	at org.openqa.selenium.firefox.FirefoxBinary.quit(FirefoxBinary.java:246)
	at org.openqa.selenium.firefox.internal.NewProfileExtensionConnection.quit(NewProfileExtensionConnection.java:194)
	at org.openqa.selenium.firefox.FirefoxDriver$LazyCommandExecutor.quit(FirefoxDriver.java:364)
	at org.openqa.selenium.firefox.FirefoxDriver.stopClient(FirefoxDriver.java:310)
	at org.openqa.selenium.remote.RemoteWebDriver.quit(RemoteWebDriver.java:529)
	at com.buxie.selenium.testNGfun.RunWithTestNGnoGrouping.tearDown(RunWithTestNGnoGrouping.java:172)
	at sun.reflect.NativeMethodAccessorImpl.invoke0(Native Method)
	at sun.reflect.NativeMethodAccessorImpl.invoke(NativeMethodAccessorImpl.java:62)
	at sun.reflect.DelegatingMethodAccessorImpl.invoke(DelegatingMethodAccessorImpl.java:43)
	at java.lang.reflect.Method.invoke(Method.java:498)
	at org.testng.internal.MethodInvocationHelper.invokeMethod(MethodInvocationHelper.java:100)
	at org.testng.internal.Invoker.invokeConfigurationMethod(Invoker.java:515)
	at org.testng.internal.Invoker.invokeConfigurations(Invoker.java:216)
	at org.testng.internal.Invoker.invokeMethod(Invoker.java:712)
	at org.testng.internal.Invoker.invokeTestMethod(Invoker.java:811)
	at org.testng.internal.Invoker.invokeTestMethods(Invoker.java:1129)
	at org.testng.internal.TestMethodWorker.invokeTestMethods(TestMethodWorker.java:129)
	at org.testng.internal.TestMethodWorker.run(TestMethodWorker.java:112)
	at org.testng.TestRunner.privateRun(TestRunner.java:746)
	at org.testng.TestRunner.run(TestRunner.java:600)
	at org.testng.SuiteRunner.runTest(SuiteRunner.java:366)
	at org.testng.SuiteRunner.runSequentially(SuiteRunner.java:361)
	at org.testng.SuiteRunner.privateRun(SuiteRunner.java:319)
	at org.testng.SuiteRunner.run(SuiteRunner.java:268)
	at org.testng.SuiteRunnerWorker.runSuite(SuiteRunnerWorker.java:52)
	at org.testng.SuiteRunnerWorker.run(SuiteRunnerWorker.java:86)
	at org.testng.TestNG.runSuitesSequentially(TestNG.java:1264)
	at org.testng.TestNG.runSuitesLocally(TestNG.java:1189)
	at org.testng.TestNG.runSuites(TestNG.java:1104)
	at org.testng.TestNG.run(TestNG.java:1076)
	at org.testng.remote.AbstractRemoteTestNG.run(AbstractRemoteTestNG.java:126)
	at org.testng.remote.RemoteTestNG.initAndRun(RemoteTestNG.java:152)
	at org.testng.remote.RemoteTestNG.main(RemoteTestNG.java:57)
Caused by: java.lang.RuntimeException: exec return code 1: ERROR: Access denied

	at org.openqa.selenium.os.WindowsUtils.killPID(WindowsUtils.java:185)
	at org.openqa.selenium.os.ProcessUtils.killWinProcess(ProcessUtils.java:138)
	... 38 more
</pre></div></td>
<td>0</td>
<td>com.buxie.selenium.testNGfun.RunWithTestNGnoGrouping@598067a5</td></tr>
</table><p>
<table width='100%' border='1' class='invocation-skipped'>
<tr><td colspan='4' align='center'><b>SKIPPED CONFIGURATIONS</b></td></tr>
<tr><td><b>Test method</b></td>
<td width="30%"><b>Exception</b></td>
<td width="10%"><b>Time (seconds)</b></td>
<td><b>Instance</b></td>
</tr>
<tr>
<td title='com.buxie.selenium.testNGfun.RunWithTestNGnoGrouping.init()'><b>init</b><br>Test class: com.buxie.selenium.testNGfun.RunWithTestNGnoGrouping</td>
<td></td>
<td>0</td>
<td>com.buxie.selenium.testNGfun.RunWithTestNGnoGrouping@598067a5</td></tr>
<tr>
<td title='com.buxie.selenium.testNGfun.RunWithTestNGnoGrouping.init()'><b>init</b><br>Test class: com.buxie.selenium.testNGfun.RunWithTestNGnoGrouping</td>
<td></td>
<td>0</td>
<td>com.buxie.selenium.testNGfun.RunWithTestNGnoGrouping@598067a5</td></tr>
<tr>
<td title='com.buxie.selenium.testNGfun.RunWithTestNGnoGrouping.init()'><b>init</b><br>Test class: com.buxie.selenium.testNGfun.RunWithTestNGnoGrouping</td>
<td></td>
<td>0</td>
<td>com.buxie.selenium.testNGfun.RunWithTestNGnoGrouping@598067a5</td></tr>
<tr>
<td title='com.buxie.selenium.testNGfun.RunWithTestNGnoGrouping.init()'><b>init</b><br>Test class: com.buxie.selenium.testNGfun.RunWithTestNGnoGrouping</td>
<td></td>
<td>0</td>
<td>com.buxie.selenium.testNGfun.RunWithTestNGnoGrouping@598067a5</td></tr>
<tr>
<td title='com.buxie.selenium.testNGfun.RunWithTestNGnoGrouping.init()'><b>init</b><br>Test class: com.buxie.selenium.testNGfun.RunWithTestNGnoGrouping</td>
<td></td>
<td>0</td>
<td>com.buxie.selenium.testNGfun.RunWithTestNGnoGrouping@598067a5</td></tr>
<tr>
<td title='com.buxie.selenium.testNGfun.RunWithTestNGnoGrouping.init()'><b>init</b><br>Test class: com.buxie.selenium.testNGfun.RunWithTestNGnoGrouping</td>
<td></td>
<td>0</td>
<td>com.buxie.selenium.testNGfun.RunWithTestNGnoGrouping@598067a5</td></tr>
<tr>
<td title='com.buxie.selenium.testNGfun.RunWithTestNGnoGrouping.init()'><b>init</b><br>Test class: com.buxie.selenium.testNGfun.RunWithTestNGnoGrouping</td>
<td></td>
<td>0</td>
<td>com.buxie.selenium.testNGfun.RunWithTestNGnoGrouping@598067a5</td></tr>
<tr>
<td title='com.buxie.selenium.testNGfun.RunWithTestNGnoGrouping.init()'><b>init</b><br>Test class: com.buxie.selenium.testNGfun.RunWithTestNGnoGrouping</td>
<td></td>
<td>0</td>
<td>com.buxie.selenium.testNGfun.RunWithTestNGnoGrouping@598067a5</td></tr>
<tr>
<td title='com.buxie.selenium.testNGfun.RunWithTestNGnoGrouping.tearDown()'><b>tearDown</b><br>Test class: com.buxie.selenium.testNGfun.RunWithTestNGnoGrouping</td>
<td></td>
<td>0</td>
<td>com.buxie.selenium.testNGfun.RunWithTestNGnoGrouping@598067a5</td></tr>
<tr>
<td title='com.buxie.selenium.testNGfun.RunWithTestNGnoGrouping.tearDown()'><b>tearDown</b><br>Test class: com.buxie.selenium.testNGfun.RunWithTestNGnoGrouping</td>
<td></td>
<td>0</td>
<td>com.buxie.selenium.testNGfun.RunWithTestNGnoGrouping@598067a5</td></tr>
<tr>
<td title='com.buxie.selenium.testNGfun.RunWithTestNGnoGrouping.tearDown()'><b>tearDown</b><br>Test class: com.buxie.selenium.testNGfun.RunWithTestNGnoGrouping</td>
<td></td>
<td>0</td>
<td>com.buxie.selenium.testNGfun.RunWithTestNGnoGrouping@598067a5</td></tr>
<tr>
<td title='com.buxie.selenium.testNGfun.RunWithTestNGnoGrouping.tearDown()'><b>tearDown</b><br>Test class: com.buxie.selenium.testNGfun.RunWithTestNGnoGrouping</td>
<td></td>
<td>0</td>
<td>com.buxie.selenium.testNGfun.RunWithTestNGnoGrouping@598067a5</td></tr>
<tr>
<td title='com.buxie.selenium.testNGfun.RunWithTestNGnoGrouping.tearDown()'><b>tearDown</b><br>Test class: com.buxie.selenium.testNGfun.RunWithTestNGnoGrouping</td>
<td></td>
<td>0</td>
<td>com.buxie.selenium.testNGfun.RunWithTestNGnoGrouping@598067a5</td></tr>
<tr>
<td title='com.buxie.selenium.testNGfun.RunWithTestNGnoGrouping.tearDown()'><b>tearDown</b><br>Test class: com.buxie.selenium.testNGfun.RunWithTestNGnoGrouping</td>
<td></td>
<td>0</td>
<td>com.buxie.selenium.testNGfun.RunWithTestNGnoGrouping@598067a5</td></tr>
<tr>
<td title='com.buxie.selenium.testNGfun.RunWithTestNGnoGrouping.tearDown()'><b>tearDown</b><br>Test class: com.buxie.selenium.testNGfun.RunWithTestNGnoGrouping</td>
<td></td>
<td>0</td>
<td>com.buxie.selenium.testNGfun.RunWithTestNGnoGrouping@598067a5</td></tr>
<tr>
<td title='com.buxie.selenium.testNGfun.RunWithTestNGnoGrouping.tearDown()'><b>tearDown</b><br>Test class: com.buxie.selenium.testNGfun.RunWithTestNGnoGrouping</td>
<td></td>
<td>0</td>
<td>com.buxie.selenium.testNGfun.RunWithTestNGnoGrouping@598067a5</td></tr>
<tr>
<td title='com.buxie.selenium.testNGfun.RunWithTestNGnoGrouping.bye()'><b>bye</b><br>Test class: com.buxie.selenium.testNGfun.RunWithTestNGnoGrouping</td>
<td></td>
<td>0</td>
<td>null</td></tr>
</table><p>
<table width='100%' border='1' class='invocation-failed'>
<tr><td colspan='4' align='center'><b>FAILED TESTS</b></td></tr>
<tr><td><b>Test method</b></td>
<td width="30%"><b>Exception</b></td>
<td width="10%"><b>Time (seconds)</b></td>
<td><b>Instance</b></td>
</tr>
<tr>
<td title='com.buxie.selenium.testNGfun.RunWithTestNGnoGrouping.testBrowsePerfectFor()'><b>testBrowsePerfectFor</b><br>Test class: com.buxie.selenium.testNGfun.RunWithTestNGnoGrouping</td>
<td><div><pre>org.openqa.selenium.NoSuchElementException: Unable to locate element: {&quot;method&quot;:&quot;css selector&quot;,&quot;selector&quot;:&quot;.dialog-close &gt; div:nth-child(1) &gt; button:nth-child(1)&quot;}
Command duration or timeout: 57 milliseconds
For documentation on this error, please visit: http://seleniumhq.org/exceptions/no_such_element.html
Build info: version: &apos;2.52.0&apos;, revision: &apos;4c2593cfc3689a7fcd7be52549167e5ccc93ad28&apos;, time: &apos;2016-02-11 11:22:43&apos;
System info: host: &apos;DESKTOP-D75Q99P&apos;, ip: &apos;192.168.1.5&apos;, os.name: &apos;Windows 10&apos;, os.arch: &apos;amd64&apos;, os.version: &apos;10.0&apos;, java.version: &apos;1.8.0_101&apos;
Driver info: org.openqa.selenium.firefox.FirefoxDriver
Capabilities [{applicationCacheEnabled=true, rotatable=false, handlesAlerts=true, databaseEnabled=true, version=46.0.1, platform=WINDOWS, nativeEvents=false, acceptSslCerts=true, webStorageEnabled=true, locationContextEnabled=true, browserName=firefox, takesScreenshot=true, javascriptEnabled=true, cssSelectorsEnabled=true}]
Session ID: b7f7d133-d78b-4842-be64-7b0aaa64f928
*** Element info: {Using=css selector, value=.dialog-close &gt; div:nth-child(1) &gt; button:nth-child(1)}
	at sun.reflect.GeneratedConstructorAccessor17.newInstance(Unknown Source)
	at sun.reflect.DelegatingConstructorAccessorImpl.newInstance(DelegatingConstructorAccessorImpl.java:45)
	at java.lang.reflect.Constructor.newInstance(Constructor.java:423)
	at org.openqa.selenium.remote.ErrorHandler.createThrowable(ErrorHandler.java:206)
	at org.openqa.selenium.remote.ErrorHandler.throwIfResponseFailed(ErrorHandler.java:158)
	at org.openqa.selenium.remote.RemoteWebDriver.execute(RemoteWebDriver.java:678)
	at org.openqa.selenium.remote.RemoteWebDriver.findElement(RemoteWebDriver.java:363)
	at org.openqa.selenium.remote.RemoteWebDriver.findElementByCssSelector(RemoteWebDriver.java:492)
	at org.openqa.selenium.By$ByCssSelector.findElement(By.java:430)
	at org.openqa.selenium.remote.RemoteWebDriver.findElement(RemoteWebDriver.java:355)
	at com.buxie.selenium.testNGfun.WaitUtility.fluentWaitIgnoreAll(WaitUtility.java:205)
	at com.buxie.selenium.testNGfun.SignUpPage.closeDialog(SignUpPage.java:56)
	at com.buxie.selenium.testCases.PerfectForCases.browsePerfectFor(PerfectForCases.java:35)
	at com.buxie.selenium.testNGfun.RunWithTestNGnoGrouping.testBrowsePerfectFor(RunWithTestNGnoGrouping.java:153)
	at sun.reflect.NativeMethodAccessorImpl.invoke0(Native Method)
	at sun.reflect.NativeMethodAccessorImpl.invoke(NativeMethodAccessorImpl.java:62)
	at sun.reflect.DelegatingMethodAccessorImpl.invoke(DelegatingMethodAccessorImpl.java:43)
	at java.lang.reflect.Method.invoke(Method.java:498)
	at org.testng.internal.MethodInvocationHelper.invokeMethod(MethodInvocationHelper.java:100)
	at org.testng.internal.Invoker.invokeMethod(Invoker.java:646)
	at org.testng.internal.Invoker.invokeTestMethod(Invoker.java:811)
	at org.testng.internal.Invoker.invokeTestMethods(Invoker.java:1129)
	at org.testng.internal.TestMethodWorker.invokeTestMethods(TestMethodWorker.java:129)
	at org.testng.internal.TestMethodWorker.run(TestMethodWorker.java:112)
	at org.testng.TestRunner.privateRun(TestRunner.java:746)
	at org.testng.TestRunner.run(TestRunner.java:600)
	at org.testng.SuiteRunner.runTest(SuiteRunner.java:366)
	at org.testng.SuiteRunner.runSequentially(SuiteRunner.java:361)
	at org.testng.SuiteRunner.privateRun(SuiteRunner.java:319)
	at org.testng.SuiteRunner.run(SuiteRunner.java:268)
	at org.testng.SuiteRunnerWorker.runSuite(SuiteRunnerWorker.java:52)
	at org.testng.SuiteRunnerWorker.run(SuiteRunnerWorker.java:86)
	at org.testng.TestNG.runSuitesSequentially(TestNG.java:1264)
	at org.testng.TestNG.runSuitesLocally(TestNG.java:1189)
	at org.testng.TestNG.runSuites(TestNG.java:1104)
	at org.testng.TestNG.run(TestNG.java:1076)
	at org.testng.remote.AbstractRemoteTestNG.run(AbstractRemoteTestNG.java:126)
	at org.testng.remote.RemoteTestNG.initAndRun(RemoteTestNG.java:152)
	at org.testng.remote.RemoteTestNG.main(RemoteTestNG.java:57)
	Suppressed: org.openqa.selenium.TimeoutException: Timed out after 60 seconds waiting for com.buxie.selenium.testNGfun.WaitUtility$3@3abada5a
Build info: version: &apos;2.52.0&apos;, revision: &apos;4c2593cfc3689a7fcd7be52549167e5ccc93ad28&apos;, time: &apos;2016-02-11 11:22:43&apos;
System info: host: &apos;DESKTOP-D75Q99P&apos;, ip: &apos;192.168.1.5&apos;, os.name: &apos;Windows 10&apos;, os.arch: &apos;amd64&apos;, os.version: &apos;10.0&apos;, java.version: &apos;1.8.0_101&apos;
Driver info: driver.version: unknown
		at org.openqa.selenium.support.ui.FluentWait.timeoutException(FluentWait.java:292)
		at org.openqa.selenium.support.ui.FluentWait.until(FluentWait.java:261)
		at com.buxie.selenium.testNGfun.WaitUtility.fluentWaitIgnoreAll(WaitUtility.java:195)
		... 28 more
	Caused by: org.openqa.selenium.NoSuchElementException: Unable to locate element: {&quot;method&quot;:&quot;css selector&quot;,&quot;selector&quot;:&quot;.dialog-close &gt; div:nth-child(1) &gt; button:nth-child(1)&quot;}
Command duration or timeout: 63 milliseconds
For documentation on this error, please visit: http://seleniumhq.org/exceptions/no_such_element.html
Build info: version: &apos;2.52.0&apos;, revision: &apos;4c2593cfc3689a7fcd7be52549167e5ccc93ad28&apos;, time: &apos;2016-02-11 11:22:43&apos;
System info: host: &apos;DESKTOP-D75Q99P&apos;, ip: &apos;192.168.1.5&apos;, os.name: &apos;Windows 10&apos;, os.arch: &apos;amd64&apos;, os.version: &apos;10.0&apos;, java.version: &apos;1.8.0_101&apos;
Driver info: org.openqa.selenium.firefox.FirefoxDriver
Capabilities [{applicationCacheEnabled=true, rotatable=false, handlesAlerts=true, databaseEnabled=true, version=46.0.1, platform=WINDOWS, nativeEvents=false, acceptSslCerts=true, webStorageEnabled=true, locationContextEnabled=true, browserName=firefox, takesScreenshot=true, javascriptEnabled=true, cssSelectorsEnabled=true}]
Session ID: b7f7d133-d78b-4842-be64-7b0aaa64f928
*** Element info: {Using=css selector, value=.dialog-close &gt; div:nth-child(1) &gt; button:nth-child(1)}
		at sun.reflect.GeneratedConstructorAccessor17.newInstance(Unknown Source)
		at sun.reflect.DelegatingConstructorAccessorImpl.newInstance(DelegatingConstructorAccessorImpl.java:45)
		at java.lang.reflect.Constructor.newInstance(Constructor.java:423)
		at org.openqa.selenium.remote.ErrorHandler.createThrowable(ErrorHandler.java:206)
		at org.openqa.selenium.remote.ErrorHandler.throwIfResponseFailed(ErrorHandler.java:158)
		at org.openqa.selenium.remote.RemoteWebDriver.execute(RemoteWebDriver.java:678)
		at org.openqa.selenium.remote.RemoteWebDriver.findElement(RemoteWebDriver.java:363)
		at org.openqa.selenium.remote.RemoteWebDriver.findElementByCssSelector(RemoteWebDriver.java:492)
		at org.openqa.selenium.By$ByCssSelector.findElement(By.java:430)
		at org.openqa.selenium.remote.RemoteWebDriver.findElement(RemoteWebDriver.java:355)
		at com.buxie.selenium.testNGfun.WaitUtility$3.apply(WaitUtility.java:199)
		at com.buxie.selenium.testNGfun.WaitUtility$3.apply(WaitUtility.java:1)
		at org.openqa.selenium.support.ui.FluentWait.until(FluentWait.java:238)
		... 29 more
	Caused by: org.openqa.selenium.NoSuchElementException: Unable to locate element: {&quot;method&quot;:&quot;css selector&quot;,&quot;selector&quot;:&quot;.dialog-close &gt; div:nth-child(1) &gt; button:nth-child(1)&quot;}
For documentation on this error, please visit: http://seleniumhq.org/exceptions/no_such_element.html
Build info: version: &apos;2.52.0&apos;, revision: &apos;4c2593cfc3689a7fcd7be52549167e5ccc93ad28&apos;, time: &apos;2016-02-11 11:22:43&apos;
System info: host: &apos;DESKTOP-D75Q99P&apos;, ip: &apos;192.168.1.5&apos;, os.name: &apos;Windows 10&apos;, os.arch: &apos;amd64&apos;, os.version: &apos;10.0&apos;, java.version: &apos;1.8.0_101&apos;
Driver info: driver.version: unknown
		at &lt;anonymous class&gt;.FirefoxDriver.prototype.findElementInternal_(file:///C:/Users/AZUREW~1/AppData/Local/Temp/anonymous6701694931316762264webdriver-profile/extensions/fxdriver@googlecode.com/components/driver-component.js:10723)
		at &lt;anonymous class&gt;.FirefoxDriver.prototype.findElement(file:///C:/Users/AZUREW~1/AppData/Local/Temp/anonymous6701694931316762264webdriver-profile/extensions/fxdriver@googlecode.com/components/driver-component.js:10732)
		at &lt;anonymous class&gt;.DelayedCommand.prototype.executeInternal_/h(file:///C:/Users/AZUREW~1/AppData/Local/Temp/anonymous6701694931316762264webdriver-profile/extensions/fxdriver@googlecode.com/components/command-processor.js:12614)
		at &lt;anonymous class&gt;.DelayedCommand.prototype.executeInternal_(file:///C:/Users/AZUREW~1/AppData/Local/Temp/anonymous6701694931316762264webdriver-profile/extensions/fxdriver@googlecode.com/components/command-processor.js:12619)
		at &lt;anonymous class&gt;.DelayedCommand.prototype.execute/&lt;(file:///C:/Users/AZUREW~1/AppData/Local/Temp/anonymous6701694931316762264webdriver-profile/extensions/fxdriver@googlecode.com/components/command-processor.js:12561)
Caused by: org.openqa.selenium.NoSuchElementException: Unable to locate element: {&quot;method&quot;:&quot;css selector&quot;,&quot;selector&quot;:&quot;.dialog-close &gt; div:nth-child(1) &gt; button:nth-child(1)&quot;}
For documentation on this error, please visit: http://seleniumhq.org/exceptions/no_such_element.html
Build info: version: &apos;2.52.0&apos;, revision: &apos;4c2593cfc3689a7fcd7be52549167e5ccc93ad28&apos;, time: &apos;2016-02-11 11:22:43&apos;
System info: host: &apos;DESKTOP-D75Q99P&apos;, ip: &apos;192.168.1.5&apos;, os.name: &apos;Windows 10&apos;, os.arch: &apos;amd64&apos;, os.version: &apos;10.0&apos;, java.version: &apos;1.8.0_101&apos;
Driver info: driver.version: unknown
	at &lt;anonymous class&gt;.FirefoxDriver.prototype.findElementInternal_(file:///C:/Users/AZUREW~1/AppData/Local/Temp/anonymous6701694931316762264webdriver-profile/extensions/fxdriver@googlecode.com/components/driver-component.js:10723)
	at &lt;anonymous class&gt;.FirefoxDriver.prototype.findElement(file:///C:/Users/AZUREW~1/AppData/Local/Temp/anonymous6701694931316762264webdriver-profile/extensions/fxdriver@googlecode.com/components/driver-component.js:10732)
	at &lt;anonymous class&gt;.DelayedCommand.prototype.executeInternal_/h(file:///C:/Users/AZUREW~1/AppData/Local/Temp/anonymous6701694931316762264webdriver-profile/extensions/fxdriver@googlecode.com/components/command-processor.js:12614)
	at &lt;anonymous class&gt;.DelayedCommand.prototype.executeInternal_(file:///C:/Users/AZUREW~1/AppData/Local/Temp/anonymous6701694931316762264webdriver-profile/extensions/fxdriver@googlecode.com/components/command-processor.js:12619)
	at &lt;anonymous class&gt;.DelayedCommand.prototype.execute/&lt;(file:///C:/Users/AZUREW~1/AppData/Local/Temp/anonymous6701694931316762264webdriver-profile/extensions/fxdriver@googlecode.com/components/command-processor.js:12561)
</pre></div><a href='#' onClick='toggleBox("stack-trace999736366", this, "Click to show all stack frames", "Click to hide stack frames")'>Click to show all stack frames</a>
<div class='stack-trace' id='stack-trace999736366'><pre>org.openqa.selenium.NoSuchElementException: Unable to locate element: {&quot;method&quot;:&quot;css selector&quot;,&quot;selector&quot;:&quot;.dialog-close &gt; div:nth-child(1) &gt; button:nth-child(1)&quot;}
Command duration or timeout: 57 milliseconds
For documentation on this error, please visit: http://seleniumhq.org/exceptions/no_such_element.html
Build info: version: &apos;2.52.0&apos;, revision: &apos;4c2593cfc3689a7fcd7be52549167e5ccc93ad28&apos;, time: &apos;2016-02-11 11:22:43&apos;
System info: host: &apos;DESKTOP-D75Q99P&apos;, ip: &apos;192.168.1.5&apos;, os.name: &apos;Windows 10&apos;, os.arch: &apos;amd64&apos;, os.version: &apos;10.0&apos;, java.version: &apos;1.8.0_101&apos;
Driver info: org.openqa.selenium.firefox.FirefoxDriver
Capabilities [{applicationCacheEnabled=true, rotatable=false, handlesAlerts=true, databaseEnabled=true, version=46.0.1, platform=WINDOWS, nativeEvents=false, acceptSslCerts=true, webStorageEnabled=true, locationContextEnabled=true, browserName=firefox, takesScreenshot=true, javascriptEnabled=true, cssSelectorsEnabled=true}]
Session ID: b7f7d133-d78b-4842-be64-7b0aaa64f928
*** Element info: {Using=css selector, value=.dialog-close &gt; div:nth-child(1) &gt; button:nth-child(1)}
	at sun.reflect.GeneratedConstructorAccessor17.newInstance(Unknown Source)
	at sun.reflect.DelegatingConstructorAccessorImpl.newInstance(DelegatingConstructorAccessorImpl.java:45)
	at java.lang.reflect.Constructor.newInstance(Constructor.java:423)
	at org.openqa.selenium.remote.ErrorHandler.createThrowable(ErrorHandler.java:206)
	at org.openqa.selenium.remote.ErrorHandler.throwIfResponseFailed(ErrorHandler.java:158)
	at org.openqa.selenium.remote.RemoteWebDriver.execute(RemoteWebDriver.java:678)
	at org.openqa.selenium.remote.RemoteWebDriver.findElement(RemoteWebDriver.java:363)
	at org.openqa.selenium.remote.RemoteWebDriver.findElementByCssSelector(RemoteWebDriver.java:492)
	at org.openqa.selenium.By$ByCssSelector.findElement(By.java:430)
	at org.openqa.selenium.remote.RemoteWebDriver.findElement(RemoteWebDriver.java:355)
	at com.buxie.selenium.testNGfun.WaitUtility.fluentWaitIgnoreAll(WaitUtility.java:205)
	at com.buxie.selenium.testNGfun.SignUpPage.closeDialog(SignUpPage.java:56)
	at com.buxie.selenium.testCases.PerfectForCases.browsePerfectFor(PerfectForCases.java:35)
	at com.buxie.selenium.testNGfun.RunWithTestNGnoGrouping.testBrowsePerfectFor(RunWithTestNGnoGrouping.java:153)
	at sun.reflect.NativeMethodAccessorImpl.invoke0(Native Method)
	at sun.reflect.NativeMethodAccessorImpl.invoke(NativeMethodAccessorImpl.java:62)
	at sun.reflect.DelegatingMethodAccessorImpl.invoke(DelegatingMethodAccessorImpl.java:43)
	at java.lang.reflect.Method.invoke(Method.java:498)
	at org.testng.internal.MethodInvocationHelper.invokeMethod(MethodInvocationHelper.java:100)
	at org.testng.internal.Invoker.invokeMethod(Invoker.java:646)
	at org.testng.internal.Invoker.invokeTestMethod(Invoker.java:811)
	at org.testng.internal.Invoker.invokeTestMethods(Invoker.java:1129)
	at org.testng.internal.TestMethodWorker.invokeTestMethods(TestMethodWorker.java:129)
	at org.testng.internal.TestMethodWorker.run(TestMethodWorker.java:112)
	at org.testng.TestRunner.privateRun(TestRunner.java:746)
	at org.testng.TestRunner.run(TestRunner.java:600)
	at org.testng.SuiteRunner.runTest(SuiteRunner.java:366)
	at org.testng.SuiteRunner.runSequentially(SuiteRunner.java:361)
	at org.testng.SuiteRunner.privateRun(SuiteRunner.java:319)
	at org.testng.SuiteRunner.run(SuiteRunner.java:268)
	at org.testng.SuiteRunnerWorker.runSuite(SuiteRunnerWorker.java:52)
	at org.testng.SuiteRunnerWorker.run(SuiteRunnerWorker.java:86)
	at org.testng.TestNG.runSuitesSequentially(TestNG.java:1264)
	at org.testng.TestNG.runSuitesLocally(TestNG.java:1189)
	at org.testng.TestNG.runSuites(TestNG.java:1104)
	at org.testng.TestNG.run(TestNG.java:1076)
	at org.testng.remote.AbstractRemoteTestNG.run(AbstractRemoteTestNG.java:126)
	at org.testng.remote.RemoteTestNG.initAndRun(RemoteTestNG.java:152)
	at org.testng.remote.RemoteTestNG.main(RemoteTestNG.java:57)
	Suppressed: org.openqa.selenium.TimeoutException: Timed out after 60 seconds waiting for com.buxie.selenium.testNGfun.WaitUtility$3@3abada5a
Build info: version: &apos;2.52.0&apos;, revision: &apos;4c2593cfc3689a7fcd7be52549167e5ccc93ad28&apos;, time: &apos;2016-02-11 11:22:43&apos;
System info: host: &apos;DESKTOP-D75Q99P&apos;, ip: &apos;192.168.1.5&apos;, os.name: &apos;Windows 10&apos;, os.arch: &apos;amd64&apos;, os.version: &apos;10.0&apos;, java.version: &apos;1.8.0_101&apos;
Driver info: driver.version: unknown
		at org.openqa.selenium.support.ui.FluentWait.timeoutException(FluentWait.java:292)
		at org.openqa.selenium.support.ui.FluentWait.until(FluentWait.java:261)
		at com.buxie.selenium.testNGfun.WaitUtility.fluentWaitIgnoreAll(WaitUtility.java:195)
		... 28 more
	Caused by: org.openqa.selenium.NoSuchElementException: Unable to locate element: {&quot;method&quot;:&quot;css selector&quot;,&quot;selector&quot;:&quot;.dialog-close &gt; div:nth-child(1) &gt; button:nth-child(1)&quot;}
Command duration or timeout: 63 milliseconds
For documentation on this error, please visit: http://seleniumhq.org/exceptions/no_such_element.html
Build info: version: &apos;2.52.0&apos;, revision: &apos;4c2593cfc3689a7fcd7be52549167e5ccc93ad28&apos;, time: &apos;2016-02-11 11:22:43&apos;
System info: host: &apos;DESKTOP-D75Q99P&apos;, ip: &apos;192.168.1.5&apos;, os.name: &apos;Windows 10&apos;, os.arch: &apos;amd64&apos;, os.version: &apos;10.0&apos;, java.version: &apos;1.8.0_101&apos;
Driver info: org.openqa.selenium.firefox.FirefoxDriver
Capabilities [{applicationCacheEnabled=true, rotatable=false, handlesAlerts=true, databaseEnabled=true, version=46.0.1, platform=WINDOWS, nativeEvents=false, acceptSslCerts=true, webStorageEnabled=true, locationContextEnabled=true, browserName=firefox, takesScreenshot=true, javascriptEnabled=true, cssSelectorsEnabled=true}]
Session ID: b7f7d133-d78b-4842-be64-7b0aaa64f928
*** Element info: {Using=css selector, value=.dialog-close &gt; div:nth-child(1) &gt; button:nth-child(1)}
		at sun.reflect.GeneratedConstructorAccessor17.newInstance(Unknown Source)
		at sun.reflect.DelegatingConstructorAccessorImpl.newInstance(DelegatingConstructorAccessorImpl.java:45)
		at java.lang.reflect.Constructor.newInstance(Constructor.java:423)
		at org.openqa.selenium.remote.ErrorHandler.createThrowable(ErrorHandler.java:206)
		at org.openqa.selenium.remote.ErrorHandler.throwIfResponseFailed(ErrorHandler.java:158)
		at org.openqa.selenium.remote.RemoteWebDriver.execute(RemoteWebDriver.java:678)
		at org.openqa.selenium.remote.RemoteWebDriver.findElement(RemoteWebDriver.java:363)
		at org.openqa.selenium.remote.RemoteWebDriver.findElementByCssSelector(RemoteWebDriver.java:492)
		at org.openqa.selenium.By$ByCssSelector.findElement(By.java:430)
		at org.openqa.selenium.remote.RemoteWebDriver.findElement(RemoteWebDriver.java:355)
		at com.buxie.selenium.testNGfun.WaitUtility$3.apply(WaitUtility.java:199)
		at com.buxie.selenium.testNGfun.WaitUtility$3.apply(WaitUtility.java:1)
		at org.openqa.selenium.support.ui.FluentWait.until(FluentWait.java:238)
		... 29 more
	Caused by: org.openqa.selenium.NoSuchElementException: Unable to locate element: {&quot;method&quot;:&quot;css selector&quot;,&quot;selector&quot;:&quot;.dialog-close &gt; div:nth-child(1) &gt; button:nth-child(1)&quot;}
For documentation on this error, please visit: http://seleniumhq.org/exceptions/no_such_element.html
Build info: version: &apos;2.52.0&apos;, revision: &apos;4c2593cfc3689a7fcd7be52549167e5ccc93ad28&apos;, time: &apos;2016-02-11 11:22:43&apos;
System info: host: &apos;DESKTOP-D75Q99P&apos;, ip: &apos;192.168.1.5&apos;, os.name: &apos;Windows 10&apos;, os.arch: &apos;amd64&apos;, os.version: &apos;10.0&apos;, java.version: &apos;1.8.0_101&apos;
Driver info: driver.version: unknown
		at &lt;anonymous class&gt;.FirefoxDriver.prototype.findElementInternal_(file:///C:/Users/AZUREW~1/AppData/Local/Temp/anonymous6701694931316762264webdriver-profile/extensions/fxdriver@googlecode.com/components/driver-component.js:10723)
		at &lt;anonymous class&gt;.FirefoxDriver.prototype.findElement(file:///C:/Users/AZUREW~1/AppData/Local/Temp/anonymous6701694931316762264webdriver-profile/extensions/fxdriver@googlecode.com/components/driver-component.js:10732)
		at &lt;anonymous class&gt;.DelayedCommand.prototype.executeInternal_/h(file:///C:/Users/AZUREW~1/AppData/Local/Temp/anonymous6701694931316762264webdriver-profile/extensions/fxdriver@googlecode.com/components/command-processor.js:12614)
		at &lt;anonymous class&gt;.DelayedCommand.prototype.executeInternal_(file:///C:/Users/AZUREW~1/AppData/Local/Temp/anonymous6701694931316762264webdriver-profile/extensions/fxdriver@googlecode.com/components/command-processor.js:12619)
		at &lt;anonymous class&gt;.DelayedCommand.prototype.execute/&lt;(file:///C:/Users/AZUREW~1/AppData/Local/Temp/anonymous6701694931316762264webdriver-profile/extensions/fxdriver@googlecode.com/components/command-processor.js:12561)
Caused by: org.openqa.selenium.NoSuchElementException: Unable to locate element: {&quot;method&quot;:&quot;css selector&quot;,&quot;selector&quot;:&quot;.dialog-close &gt; div:nth-child(1) &gt; button:nth-child(1)&quot;}
For documentation on this error, please visit: http://seleniumhq.org/exceptions/no_such_element.html
Build info: version: &apos;2.52.0&apos;, revision: &apos;4c2593cfc3689a7fcd7be52549167e5ccc93ad28&apos;, time: &apos;2016-02-11 11:22:43&apos;
System info: host: &apos;DESKTOP-D75Q99P&apos;, ip: &apos;192.168.1.5&apos;, os.name: &apos;Windows 10&apos;, os.arch: &apos;amd64&apos;, os.version: &apos;10.0&apos;, java.version: &apos;1.8.0_101&apos;
Driver info: driver.version: unknown
	at &lt;anonymous class&gt;.FirefoxDriver.prototype.findElementInternal_(file:///C:/Users/AZUREW~1/AppData/Local/Temp/anonymous6701694931316762264webdriver-profile/extensions/fxdriver@googlecode.com/components/driver-component.js:10723)
	at &lt;anonymous class&gt;.FirefoxDriver.prototype.findElement(file:///C:/Users/AZUREW~1/AppData/Local/Temp/anonymous6701694931316762264webdriver-profile/extensions/fxdriver@googlecode.com/components/driver-component.js:10732)
	at &lt;anonymous class&gt;.DelayedCommand.prototype.executeInternal_/h(file:///C:/Users/AZUREW~1/AppData/Local/Temp/anonymous6701694931316762264webdriver-profile/extensions/fxdriver@googlecode.com/components/command-processor.js:12614)
	at &lt;anonymous class&gt;.DelayedCommand.prototype.executeInternal_(file:///C:/Users/AZUREW~1/AppData/Local/Temp/anonymous6701694931316762264webdriver-profile/extensions/fxdriver@googlecode.com/components/command-processor.js:12619)
	at &lt;anonymous class&gt;.DelayedCommand.prototype.execute/&lt;(file:///C:/Users/AZUREW~1/AppData/Local/Temp/anonymous6701694931316762264webdriver-profile/extensions/fxdriver@googlecode.com/components/command-processor.js:12561)
</pre></div></td>
<td>116</td>
<td>com.buxie.selenium.testNGfun.RunWithTestNGnoGrouping@598067a5</td></tr>
</table><p>
<table width='100%' border='1' class='invocation-skipped'>
<tr><td colspan='4' align='center'><b>SKIPPED TESTS</b></td></tr>
<tr><td><b>Test method</b></td>
<td width="30%"><b>Exception</b></td>
<td width="10%"><b>Time (seconds)</b></td>
<td><b>Instance</b></td>
</tr>
<tr>
<td title='com.buxie.selenium.testNGfun.RunWithTestNGnoGrouping.testFavorite()'><b>testFavorite</b><br>Test class: com.buxie.selenium.testNGfun.RunWithTestNGnoGrouping</td>
<td></td>
<td>0</td>
<td>com.buxie.selenium.testNGfun.RunWithTestNGnoGrouping@598067a5</td></tr>
<tr>
<td title='com.buxie.selenium.testNGfun.RunWithTestNGnoGrouping.testFilterAndPlayCustomAfterLogin()'><b>testFilterAndPlayCustomAfterLogin</b><br>Test class: com.buxie.selenium.testNGfun.RunWithTestNGnoGrouping</td>
<td></td>
<td>0</td>
<td>com.buxie.selenium.testNGfun.RunWithTestNGnoGrouping@598067a5</td></tr>
<tr>
<td title='com.buxie.selenium.testNGfun.RunWithTestNGnoGrouping.testPlayStastionFromProfile()'><b>testPlayStastionFromProfile</b><br>Test class: com.buxie.selenium.testNGfun.RunWithTestNGnoGrouping</td>
<td></td>
<td>0</td>
<td>com.buxie.selenium.testNGfun.RunWithTestNGnoGrouping@598067a5</td></tr>
<tr>
<td title='com.buxie.selenium.testNGfun.RunWithTestNGnoGrouping.testPodcastThumbDown()'><b>testPodcastThumbDown</b><br>Test class: com.buxie.selenium.testNGfun.RunWithTestNGnoGrouping</td>
<td></td>
<td>0</td>
<td>com.buxie.selenium.testNGfun.RunWithTestNGnoGrouping@598067a5</td></tr>
<tr>
<td title='com.buxie.selenium.testNGfun.RunWithTestNGnoGrouping.testPopularUserFlow()'><b>testPopularUserFlow</b><br>Test class: com.buxie.selenium.testNGfun.RunWithTestNGnoGrouping</td>
<td></td>
<td>0</td>
<td>com.buxie.selenium.testNGfun.RunWithTestNGnoGrouping@598067a5</td></tr>
<tr>
<td title='com.buxie.selenium.testNGfun.RunWithTestNGnoGrouping.testSearchFromPodcast()'><b>testSearchFromPodcast</b><br>Test class: com.buxie.selenium.testNGfun.RunWithTestNGnoGrouping</td>
<td></td>
<td>0</td>
<td>com.buxie.selenium.testNGfun.RunWithTestNGnoGrouping@598067a5</td></tr>
<tr>
<td title='com.buxie.selenium.testNGfun.RunWithTestNGnoGrouping.testSearchJoshInAll()'><b>testSearchJoshInAll</b><br>Test class: com.buxie.selenium.testNGfun.RunWithTestNGnoGrouping</td>
<td></td>
<td>0</td>
<td>com.buxie.selenium.testNGfun.RunWithTestNGnoGrouping@598067a5</td></tr>
<tr>
<td title='com.buxie.selenium.testNGfun.RunWithTestNGnoGrouping.testThumbUpLive()'><b>testThumbUpLive</b><br>Test class: com.buxie.selenium.testNGfun.RunWithTestNGnoGrouping</td>
<td></td>
<td>0</td>
<td>com.buxie.selenium.testNGfun.RunWithTestNGnoGrouping@598067a5</td></tr>
</table><p>
</body>
</html>