<?xml version="1.0" encoding="UTF-8"?>
<testng-results skipped="8" failed="0" total="9" passed="1">
  <reporter-output>
  </reporter-output>
  <suite name="Default suite" duration-ms="136998" started-at="2016-09-20T19:32:09Z" finished-at="2016-09-20T19:34:26Z">
    <groups>
    </groups>
    <test name="Default test" duration-ms="136998" started-at="2016-09-20T19:32:09Z" finished-at="2016-09-20T19:34:26Z">
      <class name="com.buxie.selenium.testNGfun.RunWithTestNGnoGrouping">
        <test-method status="PASS" signature="init(java.lang.reflect.Method)[pri:0, instance:com.buxie.selenium.testNGfun.RunWithTestNGnoGrouping@598067a5]" name="init" is-config="true" duration-ms="19248" started-at="2016-09-20T15:32:09Z" finished-at="2016-09-20T15:32:28Z">
          <params>
            <param index="0">
              <value>
                <![CDATA[public void com.buxie.selenium.testNGfun.RunWithTestNGnoGrouping.testBrowsePerfectFor() throws java.lang.Exception]]>
              </value>
            </param>
          </params>
          <reporter-output>
          </reporter-output>
        </test-method> <!-- init -->
        <test-method status="PASS" signature="testBrowsePerfectFor()[pri:0, instance:com.buxie.selenium.testNGfun.RunWithTestNGnoGrouping@598067a5]" name="testBrowsePerfectFor" duration-ms="117286" started-at="2016-09-20T15:32:28Z" finished-at="2016-09-20T15:34:26Z">
          <reporter-output>
          </reporter-output>
        </test-method> <!-- testBrowsePerfectFor -->
        <test-method status="FAIL" signature="tearDown(org.testng.ITestResult)[pri:0, instance:com.buxie.selenium.testNGfun.RunWithTestNGnoGrouping@598067a5]" name="tearDown" is-config="true" duration-ms="0" started-at="2016-09-20T15:34:26Z" finished-at="2016-09-20T15:34:26Z">
          <params>
            <param index="0">
              <value>
                <![CDATA[[TestResult name=testBrowsePerfectFor status=SUCCESS method=RunWithTestNGnoGrouping.testBrowsePerfectFor()[pri:0, instance:com.buxie.selenium.testNGfun.RunWithTestNGnoGrouping@598067a5] output={null}]]]>
              </value>
            </param>
          </params>
          <exception class="java.lang.RuntimeException">
            <message>
              <![CDATA[Process refused to die after 10 seconds, and couldn't taskkill it: exec return code 1: ERROR: Access denied
]]>
            </message>
            <full-stacktrace>
              <![CDATA[java.lang.RuntimeException: Process refused to die after 10 seconds, and couldn't taskkill it: exec return code 1: ERROR: Access denied

	at org.openqa.selenium.os.ProcessUtils.killWinProcess(ProcessUtils.java:143)
	at org.openqa.selenium.os.ProcessUtils.killProcess(ProcessUtils.java:81)
	at org.openqa.selenium.os.UnixProcess$SeleniumWatchDog.destroyHarder(UnixProcess.java:247)
	at org.openqa.selenium.os.UnixProcess$SeleniumWatchDog.access$200(UnixProcess.java:201)
	at org.openqa.selenium.os.UnixProcess.destroy(UnixProcess.java:125)
	at org.openqa.selenium.os.CommandLine.destroy(CommandLine.java:155)
	at org.openqa.selenium.firefox.FirefoxBinary.quit(FirefoxBinary.java:246)
	at org.openqa.selenium.firefox.internal.NewProfileExtensionConnection.quit(NewProfileExtensionConnection.java:194)
	at org.openqa.selenium.firefox.FirefoxDriver$LazyCommandExecutor.quit(FirefoxDriver.java:364)
	at org.openqa.selenium.firefox.FirefoxDriver.stopClient(FirefoxDriver.java:310)
	at org.openqa.selenium.remote.RemoteWebDriver.quit(RemoteWebDriver.java:529)
	at com.buxie.selenium.testNGfun.RunWithTestNGnoGrouping.tearDown(RunWithTestNGnoGrouping.java:217)
	at sun.reflect.NativeMethodAccessorImpl.invoke0(Native Method)
	at sun.reflect.NativeMethodAccessorImpl.invoke(NativeMethodAccessorImpl.java:62)
	at sun.reflect.DelegatingMethodAccessorImpl.invoke(DelegatingMethodAccessorImpl.java:43)
	at java.lang.reflect.Method.invoke(Method.java:498)
	at org.testng.internal.MethodInvocationHelper.invokeMethod(MethodInvocationHelper.java:100)
	at org.testng.internal.Invoker.invokeConfigurationMethod(Invoker.java:515)
	at org.testng.internal.Invoker.invokeConfigurations(Invoker.java:216)
	at org.testng.internal.Invoker.invokeMethod(Invoker.java:712)
	at org.testng.internal.Invoker.invokeTestMethod(Invoker.java:811)
	at org.testng.internal.Invoker.invokeTestMethods(Invoker.java:1129)
	at org.testng.internal.TestMethodWorker.invokeTestMethods(TestMethodWorker.java:129)
	at org.testng.internal.TestMethodWorker.run(TestMethodWorker.java:112)
	at org.testng.TestRunner.privateRun(TestRunner.java:746)
	at org.testng.TestRunner.run(TestRunner.java:600)
	at org.testng.SuiteRunner.runTest(SuiteRunner.java:366)
	at org.testng.SuiteRunner.runSequentially(SuiteRunner.java:361)
	at org.testng.SuiteRunner.privateRun(SuiteRunner.java:319)
	at org.testng.SuiteRunner.run(SuiteRunner.java:268)
	at org.testng.SuiteRunnerWorker.runSuite(SuiteRunnerWorker.java:52)
	at org.testng.SuiteRunnerWorker.run(SuiteRunnerWorker.java:86)
	at org.testng.TestNG.runSuitesSequentially(TestNG.java:1264)
	at org.testng.TestNG.runSuitesLocally(TestNG.java:1189)
	at org.testng.TestNG.runSuites(TestNG.java:1104)
	at org.testng.TestNG.run(TestNG.java:1076)
	at org.testng.remote.AbstractRemoteTestNG.run(AbstractRemoteTestNG.java:126)
	at org.testng.remote.RemoteTestNG.initAndRun(RemoteTestNG.java:152)
	at org.testng.remote.RemoteTestNG.main(RemoteTestNG.java:57)
Caused by: java.lang.RuntimeException: exec return code 1: ERROR: Access denied

	at org.openqa.selenium.os.WindowsUtils.killPID(WindowsUtils.java:185)
	at org.openqa.selenium.os.ProcessUtils.killWinProcess(ProcessUtils.java:138)
	... 38 more
]]>
            </full-stacktrace>
          </exception> <!-- java.lang.RuntimeException -->
          <reporter-output>
          </reporter-output>
        </test-method> <!-- tearDown -->
        <test-method status="SKIP" signature="init(java.lang.reflect.Method)[pri:0, instance:com.buxie.selenium.testNGfun.RunWithTestNGnoGrouping@598067a5]" name="init" is-config="true" duration-ms="0" started-at="2016-09-20T15:34:26Z" finished-at="2016-09-20T15:34:26Z">
          <reporter-output>
          </reporter-output>
        </test-method> <!-- init -->
        <test-method status="SKIP" signature="testFavorite()[pri:0, instance:com.buxie.selenium.testNGfun.RunWithTestNGnoGrouping@598067a5]" name="testFavorite" duration-ms="3" started-at="2016-09-20T15:34:26Z" finished-at="2016-09-20T15:34:26Z">
          <reporter-output>
          </reporter-output>
        </test-method> <!-- testFavorite -->
        <test-method status="SKIP" signature="tearDown(org.testng.ITestResult)[pri:0, instance:com.buxie.selenium.testNGfun.RunWithTestNGnoGrouping@598067a5]" name="tearDown" is-config="true" duration-ms="0" started-at="2016-09-20T15:34:26Z" finished-at="2016-09-20T15:34:26Z">
          <reporter-output>
          </reporter-output>
        </test-method> <!-- tearDown -->
        <test-method status="SKIP" signature="init(java.lang.reflect.Method)[pri:0, instance:com.buxie.selenium.testNGfun.RunWithTestNGnoGrouping@598067a5]" name="init" is-config="true" duration-ms="0" started-at="2016-09-20T15:34:26Z" finished-at="2016-09-20T15:34:26Z">
          <reporter-output>
          </reporter-output>
        </test-method> <!-- init -->
        <test-method status="SKIP" signature="testFilterAndPlayCustomAfterLogin()[pri:0, instance:com.buxie.selenium.testNGfun.RunWithTestNGnoGrouping@598067a5]" name="testFilterAndPlayCustomAfterLogin" duration-ms="4" started-at="2016-09-20T15:34:26Z" finished-at="2016-09-20T15:34:26Z">
          <reporter-output>
          </reporter-output>
        </test-method> <!-- testFilterAndPlayCustomAfterLogin -->
        <test-method status="SKIP" signature="tearDown(org.testng.ITestResult)[pri:0, instance:com.buxie.selenium.testNGfun.RunWithTestNGnoGrouping@598067a5]" name="tearDown" is-config="true" duration-ms="0" started-at="2016-09-20T15:34:26Z" finished-at="2016-09-20T15:34:26Z">
          <reporter-output>
          </reporter-output>
        </test-method> <!-- tearDown -->
        <test-method status="SKIP" signature="init(java.lang.reflect.Method)[pri:0, instance:com.buxie.selenium.testNGfun.RunWithTestNGnoGrouping@598067a5]" name="init" is-config="true" duration-ms="0" started-at="2016-09-20T15:34:26Z" finished-at="2016-09-20T15:34:26Z">
          <reporter-output>
          </reporter-output>
        </test-method> <!-- init -->
        <test-method status="SKIP" signature="testPlayStastionFromProfile()[pri:0, instance:com.buxie.selenium.testNGfun.RunWithTestNGnoGrouping@598067a5]" name="testPlayStastionFromProfile" duration-ms="3" started-at="2016-09-20T15:34:26Z" finished-at="2016-09-20T15:34:26Z">
          <reporter-output>
          </reporter-output>
        </test-method> <!-- testPlayStastionFromProfile -->
        <test-method status="SKIP" signature="tearDown(org.testng.ITestResult)[pri:0, instance:com.buxie.selenium.testNGfun.RunWithTestNGnoGrouping@598067a5]" name="tearDown" is-config="true" duration-ms="0" started-at="2016-09-20T15:34:26Z" finished-at="2016-09-20T15:34:26Z">
          <reporter-output>
          </reporter-output>
        </test-method> <!-- tearDown -->
        <test-method status="SKIP" signature="init(java.lang.reflect.Method)[pri:0, instance:com.buxie.selenium.testNGfun.RunWithTestNGnoGrouping@598067a5]" name="init" is-config="true" duration-ms="0" started-at="2016-09-20T15:34:26Z" finished-at="2016-09-20T15:34:26Z">
          <reporter-output>
          </reporter-output>
        </test-method> <!-- init -->
        <test-method status="SKIP" signature="testPodcastThumbDown()[pri:0, instance:com.buxie.selenium.testNGfun.RunWithTestNGnoGrouping@598067a5]" name="testPodcastThumbDown" duration-ms="2" started-at="2016-09-20T15:34:26Z" finished-at="2016-09-20T15:34:26Z">
          <reporter-output>
          </reporter-output>
        </test-method> <!-- testPodcastThumbDown -->
        <test-method status="SKIP" signature="tearDown(org.testng.ITestResult)[pri:0, instance:com.buxie.selenium.testNGfun.RunWithTestNGnoGrouping@598067a5]" name="tearDown" is-config="true" duration-ms="0" started-at="2016-09-20T15:34:26Z" finished-at="2016-09-20T15:34:26Z">
          <reporter-output>
          </reporter-output>
        </test-method> <!-- tearDown -->
        <test-method status="SKIP" signature="init(java.lang.reflect.Method)[pri:0, instance:com.buxie.selenium.testNGfun.RunWithTestNGnoGrouping@598067a5]" name="init" is-config="true" duration-ms="0" started-at="2016-09-20T15:34:26Z" finished-at="2016-09-20T15:34:26Z">
          <reporter-output>
          </reporter-output>
        </test-method> <!-- init -->
        <test-method status="SKIP" signature="testPopularUserFlow()[pri:0, instance:com.buxie.selenium.testNGfun.RunWithTestNGnoGrouping@598067a5]" name="testPopularUserFlow" duration-ms="1" started-at="2016-09-20T15:34:26Z" finished-at="2016-09-20T15:34:26Z">
          <reporter-output>
          </reporter-output>
        </test-method> <!-- testPopularUserFlow -->
        <test-method status="SKIP" signature="tearDown(org.testng.ITestResult)[pri:0, instance:com.buxie.selenium.testNGfun.RunWithTestNGnoGrouping@598067a5]" name="tearDown" is-config="true" duration-ms="0" started-at="2016-09-20T15:34:26Z" finished-at="2016-09-20T15:34:26Z">
          <reporter-output>
          </reporter-output>
        </test-method> <!-- tearDown -->
        <test-method status="SKIP" signature="init(java.lang.reflect.Method)[pri:0, instance:com.buxie.selenium.testNGfun.RunWithTestNGnoGrouping@598067a5]" name="init" is-config="true" duration-ms="0" started-at="2016-09-20T15:34:26Z" finished-at="2016-09-20T15:34:26Z">
          <reporter-output>
          </reporter-output>
        </test-method> <!-- init -->
        <test-method status="SKIP" signature="testSearchFromPodcast()[pri:0, instance:com.buxie.selenium.testNGfun.RunWithTestNGnoGrouping@598067a5]" name="testSearchFromPodcast" duration-ms="1" started-at="2016-09-20T15:34:26Z" finished-at="2016-09-20T15:34:26Z">
          <reporter-output>
          </reporter-output>
        </test-method> <!-- testSearchFromPodcast -->
        <test-method status="SKIP" signature="tearDown(org.testng.ITestResult)[pri:0, instance:com.buxie.selenium.testNGfun.RunWithTestNGnoGrouping@598067a5]" name="tearDown" is-config="true" duration-ms="0" started-at="2016-09-20T15:34:26Z" finished-at="2016-09-20T15:34:26Z">
          <reporter-output>
          </reporter-output>
        </test-method> <!-- tearDown -->
        <test-method status="SKIP" signature="init(java.lang.reflect.Method)[pri:0, instance:com.buxie.selenium.testNGfun.RunWithTestNGnoGrouping@598067a5]" name="init" is-config="true" duration-ms="0" started-at="2016-09-20T15:34:26Z" finished-at="2016-09-20T15:34:26Z">
          <reporter-output>
          </reporter-output>
        </test-method> <!-- init -->
        <test-method status="SKIP" signature="testSearchJoshInAll()[pri:0, instance:com.buxie.selenium.testNGfun.RunWithTestNGnoGrouping@598067a5]" name="testSearchJoshInAll" duration-ms="0" started-at="2016-09-20T15:34:26Z" finished-at="2016-09-20T15:34:26Z">
          <reporter-output>
          </reporter-output>
        </test-method> <!-- testSearchJoshInAll -->
        <test-method status="SKIP" signature="tearDown(org.testng.ITestResult)[pri:0, instance:com.buxie.selenium.testNGfun.RunWithTestNGnoGrouping@598067a5]" name="tearDown" is-config="true" duration-ms="0" started-at="2016-09-20T15:34:26Z" finished-at="2016-09-20T15:34:26Z">
          <reporter-output>
          </reporter-output>
        </test-method> <!-- tearDown -->
        <test-method status="SKIP" signature="init(java.lang.reflect.Method)[pri:0, instance:com.buxie.selenium.testNGfun.RunWithTestNGnoGrouping@598067a5]" name="init" is-config="true" duration-ms="0" started-at="2016-09-20T15:34:26Z" finished-at="2016-09-20T15:34:26Z">
          <reporter-output>
          </reporter-output>
        </test-method> <!-- init -->
        <test-method status="SKIP" signature="testThumbUpLive()[pri:0, instance:com.buxie.selenium.testNGfun.RunWithTestNGnoGrouping@598067a5]" name="testThumbUpLive" duration-ms="1" started-at="2016-09-20T15:34:26Z" finished-at="2016-09-20T15:34:26Z">
          <reporter-output>
          </reporter-output>
        </test-method> <!-- testThumbUpLive -->
        <test-method status="SKIP" signature="tearDown(org.testng.ITestResult)[pri:0, instance:com.buxie.selenium.testNGfun.RunWithTestNGnoGrouping@598067a5]" name="tearDown" is-config="true" duration-ms="0" started-at="2016-09-20T15:34:26Z" finished-at="2016-09-20T15:34:26Z">
          <reporter-output>
          </reporter-output>
        </test-method> <!-- tearDown -->
        <test-method status="SKIP" signature="bye()[pri:0, instance:com.buxie.selenium.testNGfun.RunWithTestNGnoGrouping@598067a5]" name="bye" is-config="true" duration-ms="0" started-at="2016-09-20T15:34:26Z" finished-at="2016-09-20T15:34:26Z">
          <reporter-output>
          </reporter-output>
        </test-method> <!-- bye -->
      </class> <!-- com.buxie.selenium.testNGfun.RunWithTestNGnoGrouping -->
    </test> <!-- Default test -->
  </suite> <!-- Default suite -->
</testng-results>
